<?xml version="1.0" encoding="utf-8"?>
<log version="1.0" tool="runtool">

<msg id="1" tool="runtool">
  <type>log-start</type>
  <arg>2018/09/12 18:17:03</arg>
</msg>
<msg id="2" tool="runtool">
  <type>collector-starts</type>
</msg>
<msg id="3" tool="runtool">
  <type>marker-file</type>
  <arg>/home/rnwatanabe/Documents/projectFR/Examples/PosturalControl/r003mi2/r003mi2.inspxe</arg>
</msg>
<msg id="4" tool="mc">
  <type>EXEC_OF_INTEREST</type>
  <arg>/home/rnwatanabe/Documents/projectFR/Examples/PosturalControl/PosturalControl</arg>
  <arg>18226</arg>
  <severity>INFO</severity>
  <timestamp>Wed Sep 12 18:17:03 2018</timestamp>
</msg>
<msg id="5" tool="mc">
  <type>MODULE_LOAD</type>
  <arg>/home/rnwatanabe/Documents/projectFR/Examples/PosturalControl/PosturalControl</arg>
  <arg>0x400000</arg>
  <arg>0xc6080f</arg>
  <severity>INFO</severity>
  <timestamp>Wed Sep 12 18:17:03 2018</timestamp>
</msg>
<msg id="6" tool="mc">
  <type>MODULE_LOAD_NO_ANALYSIS</type>
  <arg>/lib64/ld-linux-x86-64.so.2</arg>
  <arg>0x7f48dbdf8000</arg>
  <arg>0x7f48dc02116f</arg>
  <severity>INFO</severity>
  <timestamp>Wed Sep 12 18:17:03 2018</timestamp>
</msg>
<msg id="7" tool="mc">
  <type>MODULE_LOAD</type>
  <arg>[vdso]</arg>
  <arg>0x7ffee53e0000</arg>
  <arg>0x7ffee53e100a</arg>
  <severity>INFO</severity>
  <timestamp>Wed Sep 12 18:17:03 2018</timestamp>
</msg>
<msg id="8" tool="mc">
  <type>MODULE_LOAD_NO_ANALYSIS</type>
  <arg>/opt/intel/compilers_and_libraries_2018.3.222/linux/compiler/lib/intel64_lin/libiomp5.so</arg>
  <arg>0x7f48c677b000</arg>
  <arg>0x7f48c6b5503f</arg>
  <severity>INFO</severity>
  <timestamp>Wed Sep 12 18:17:03 2018</timestamp>
</msg>
<msg id="9" tool="mc">
  <type>MODULE_LOAD</type>
  <arg>/lib/x86_64-linux-gnu/libpthread.so.0</arg>
  <arg>0x7f48c64a1000</arg>
  <arg>0x7f48c66bf47f</arg>
  <severity>INFO</severity>
  <timestamp>Wed Sep 12 18:17:03 2018</timestamp>
</msg>
<msg id="10" tool="mc">
  <type>MODULE_LOAD</type>
  <arg>/opt/intel/compilers_and_libraries_2018.3.222/linux/compiler/lib/intel64_lin/libimf.so</arg>
  <arg>0x7f48c5f0e000</arg>
  <arg>0x7f48c64a0a3f</arg>
  <severity>INFO</severity>
  <timestamp>Wed Sep 12 18:17:03 2018</timestamp>
</msg>
<msg id="11" tool="mc">
  <type>MODULE_LOAD</type>
  <arg>/lib/x86_64-linux-gnu/libm.so.6</arg>
  <arg>0x7f48c5b60000</arg>
  <arg>0x7f48c5efd157</arg>
  <severity>INFO</severity>
  <timestamp>Wed Sep 12 18:17:03 2018</timestamp>
</msg>
<msg id="12" tool="mc">
  <type>MODULE_LOAD_NO_ANALYSIS</type>
  <arg>/lib/x86_64-linux-gnu/libdl.so.2</arg>
  <arg>0x7f48c594c000</arg>
  <arg>0x7f48c5b4f10f</arg>
  <severity>INFO</severity>
  <timestamp>Wed Sep 12 18:17:03 2018</timestamp>
</msg>
<msg id="13" tool="mc">
  <type>MODULE_LOAD</type>
  <arg>/opt/intel/compilers_and_libraries_2018.3.222/linux/compiler/lib/intel64_lin/libifport.so.5</arg>
  <arg>0x7f48c5720000</arg>
  <arg>0x7f48c594bd3f</arg>
  <severity>INFO</severity>
  <timestamp>Wed Sep 12 18:17:03 2018</timestamp>
</msg>
<msg id="14" tool="mc">
  <type>MODULE_LOAD</type>
  <arg>/opt/intel/compilers_and_libraries_2018.3.222/linux/compiler/lib/intel64_lin/libifcoremt.so.5</arg>
  <arg>0x7f48c537c000</arg>
  <arg>0x7f48c570f3a7</arg>
  <severity>INFO</severity>
  <timestamp>Wed Sep 12 18:17:03 2018</timestamp>
</msg>
<msg id="15" tool="mc">
  <type>MODULE_LOAD</type>
  <arg>/opt/intel/compilers_and_libraries_2018.3.222/linux/compiler/lib/intel64_lin/libsvml.so</arg>
  <arg>0x7f48c3a5e000</arg>
  <arg>0x7f48c536b23f</arg>
  <severity>INFO</severity>
  <timestamp>Wed Sep 12 18:17:04 2018</timestamp>
</msg>
<msg id="16" tool="mc">
  <type>MODULE_LOAD</type>
  <arg>/opt/intel/compilers_and_libraries_2018.3.222/linux/compiler/lib/intel64_lin/libintlc.so.5</arg>
  <arg>0x7f48c37e0000</arg>
  <arg>0x7f48c3a4df7f</arg>
  <severity>INFO</severity>
  <timestamp>Wed Sep 12 18:17:04 2018</timestamp>
</msg>
<msg id="17" tool="mc">
  <type>MODULE_LOAD</type>
  <arg>/lib/x86_64-linux-gnu/libc.so.6</arg>
  <arg>0x7f48c33ef000</arg>
  <arg>0x7f48c37dfadf</arg>
  <severity>INFO</severity>
  <timestamp>Wed Sep 12 18:17:04 2018</timestamp>
</msg>
<msg id="18" tool="mc">
  <type>MODULE_LOAD</type>
  <arg>/lib/x86_64-linux-gnu/libgcc_s.so.1</arg>
  <arg>0x7f48c31c7000</arg>
  <arg>0x7f48c33de42f</arg>
  <severity>INFO</severity>
  <timestamp>Wed Sep 12 18:17:04 2018</timestamp>
</msg>
<msg id="19" tool="mc">
  <type>INTERNAL</type>
  <severity>ERROR</severity>
  <timestamp>Wed Sep 12 18:17:04 2018</timestamp>
</msg>
<msg id="20" tool="runtool">
  <type>app-exit-code</type>
  <arg>139</arg>
</msg>
<msg id="21" tool="runtool">
  <type>marker-file</type>
  <arg>/home/rnwatanabe/Documents/projectFR/Examples/PosturalControl/r003mi2/r003mi2.inspxe</arg>
</msg>
<msg id="22" tool="runtool">
  <type>collector-done</type>
</msg>
<msg id="23" tool="runtool">
  <type>log-end</type>
  <arg>2018/09/12 18:17:08</arg>
</msg>

</log>

