<?xml version="1.0" encoding="UTF-8"?>
<feedback>
 <message severity="verbose">Analysis started...</message>
 <nop/>
 <message severity="verbose">Result file: /home/rnwatanabe/Documents/projectFR/Examples/PosturalControl/r006mi2/r006mi2.inspxe </message>
 <nop/>
 <message severity="verbose">Analysis started for /home/rnwatanabe/Documents/projectFR/Examples/PosturalControl/PosturalControl (pid = 18952) </message>
 <nop/>
 <message severity="verbose">Loaded module: /home/rnwatanabe/Documents/projectFR/Examples/PosturalControl/PosturalControl, address range [0x400000-0xc6080f] </message>
 <nop/>
 <message severity="verbose">Loaded module: /lib64/ld-linux-x86-64.so.2, address range [0x7f1e80dad000-0x7f1e80fd616f], minimal analysis </message>
 <nop/>
 <message severity="verbose">Loaded module: [vdso], address range [0x7ffc6a9fa000-0x7ffc6a9fb00a] </message>
 <nop/>
 <message severity="verbose">Loaded module: /opt/intel/compilers_and_libraries_2018.3.222/linux/compiler/lib/intel64_lin/libiomp5.so, address range [0x7f1e6b730000-0x7f1e6bb0a03f], minimal analysis </message>
 <nop/>
 <message severity="verbose">Loaded module: /lib/x86_64-linux-gnu/libpthread.so.0, address range [0x7f1e6b455000-0x7f1e6b67347f] </message>
 <nop/>
 <message severity="verbose">Loaded module: /opt/intel/compilers_and_libraries_2018.3.222/linux/compiler/lib/intel64_lin/libimf.so, address range [0x7f1e6aeb2000-0x7f1e6b444a3f] </message>
 <nop/>
 <message severity="verbose">Loaded module: /lib/x86_64-linux-gnu/libm.so.6, address range [0x7f1e6ab04000-0x7f1e6aea1157] </message>
 <nop/>
 <message severity="verbose">Loaded module: /lib/x86_64-linux-gnu/libdl.so.2, address range [0x7f1e6a8f0000-0x7f1e6aaf310f], minimal analysis </message>
 <nop/>
 <message severity="verbose">Loaded module: /opt/intel/compilers_and_libraries_2018.3.222/linux/compiler/lib/intel64_lin/libifport.so.5, address range [0x7f1e6a6b4000-0x7f1e6a8dfd3f] </message>
 <nop/>
 <message severity="verbose">Loaded module: /opt/intel/compilers_and_libraries_2018.3.222/linux/compiler/lib/intel64_lin/libifcoremt.so.5, address range [0x7f1e6a310000-0x7f1e6a6a33a7] </message>
 <nop/>
 <message severity="verbose">Loaded module: /opt/intel/compilers_and_libraries_2018.3.222/linux/compiler/lib/intel64_lin/libsvml.so, address range [0x7f1e689f2000-0x7f1e6a2ff23f] </message>
 <nop/>
 <message severity="verbose">Loaded module: /opt/intel/compilers_and_libraries_2018.3.222/linux/compiler/lib/intel64_lin/libintlc.so.5, address range [0x7f1e68774000-0x7f1e689e1f7f] </message>
 <nop/>
 <message severity="verbose">Loaded module: /lib/x86_64-linux-gnu/libc.so.6, address range [0x7f1e68373000-0x7f1e68763adf] </message>
 <nop/>
 <message severity="verbose">Loaded module: /lib/x86_64-linux-gnu/libgcc_s.so.1, address range [0x7f1e6814b000-0x7f1e6836242f] </message>
 <nop/>
 <message severity="error">Internal error. Please contact Intel customer support team. </message>
 <nop/>
 <message severity="verbose">Application exit code: 139 </message>
 <nop/>
 <message severity="verbose">Result file: /home/rnwatanabe/Documents/projectFR/Examples/PosturalControl/r006mi2/r006mi2.inspxe </message>
 <nop/>
 <message severity="verbose">Analysis completed</message>
 <nop/>
 <message severity="warning">Encountered an issue while loading result [/home/rnwatanabe/Documents/projectFR/Examples/PosturalControl/r006mi2]. Run terminated abnormally. Some data may be lost. </message>
 <nop/>
 <message severity="info">  </message>
 <nop/>
 <message severity="info">0 new problem(s) found </message>
 <nop/>
</feedback>
