<?xml version="1.0" encoding="UTF-8"?>
<feedback>
 <message severity="verbose">Analysis started...</message>
 <nop/>
 <message severity="verbose">Result file: /home/rnwatanabe/Documents/projectFR/Examples/PosturalControl/r002mi2/r002mi2.inspxe </message>
 <nop/>
 <message severity="verbose">Analysis started for /home/rnwatanabe/Documents/projectFR/Examples/PosturalControl/PosturalControl (pid = 17196) </message>
 <nop/>
 <message severity="verbose">Loaded module: /home/rnwatanabe/Documents/projectFR/Examples/PosturalControl/PosturalControl, address range [0x400000-0xc6100f] </message>
 <nop/>
 <message severity="verbose">Loaded module: /lib64/ld-linux-x86-64.so.2, address range [0x7fb369eda000-0x7fb36a10316f], minimal analysis </message>
 <nop/>
 <message severity="verbose">Loaded module: [vdso], address range [0x7ffd207a1000-0x7ffd207a200a] </message>
 <nop/>
 <message severity="verbose">Loaded module: /opt/intel/compilers_and_libraries_2018.3.222/linux/compiler/lib/intel64_lin/libiomp5.so, address range [0x7fb35485b000-0x7fb354c3503f], minimal analysis </message>
 <nop/>
 <message severity="verbose">Loaded module: /lib/x86_64-linux-gnu/libpthread.so.0, address range [0x7fb354574000-0x7fb35479247f] </message>
 <nop/>
 <message severity="verbose">Loaded module: /opt/intel/compilers_and_libraries_2018.3.222/linux/compiler/lib/intel64_lin/libimf.so, address range [0x7fb353fe1000-0x7fb354573a3f] </message>
 <nop/>
 <message severity="verbose">Loaded module: /lib/x86_64-linux-gnu/libm.so.6, address range [0x7fb353c43000-0x7fb353fe0157] </message>
 <nop/>
 <message severity="verbose">Loaded module: /lib/x86_64-linux-gnu/libdl.so.2, address range [0x7fb353a2f000-0x7fb353c3210f], minimal analysis </message>
 <nop/>
 <message severity="verbose">Loaded module: /opt/intel/compilers_and_libraries_2018.3.222/linux/compiler/lib/intel64_lin/libifport.so.5, address range [0x7fb3537f3000-0x7fb353a1ed3f] </message>
 <nop/>
 <message severity="verbose">Loaded module: /opt/intel/compilers_and_libraries_2018.3.222/linux/compiler/lib/intel64_lin/libifcoremt.so.5, address range [0x7fb35344f000-0x7fb3537e23a7] </message>
 <nop/>
 <message severity="verbose">Loaded module: /opt/intel/compilers_and_libraries_2018.3.222/linux/compiler/lib/intel64_lin/libsvml.so, address range [0x7fb351b31000-0x7fb35343e23f] </message>
 <nop/>
 <message severity="verbose">Loaded module: /opt/intel/compilers_and_libraries_2018.3.222/linux/compiler/lib/intel64_lin/libintlc.so.5, address range [0x7fb3518b2000-0x7fb351b1ff7f] </message>
 <nop/>
 <message severity="verbose">Loaded module: /lib/x86_64-linux-gnu/libc.so.6, address range [0x7fb3514b1000-0x7fb3518a1adf] </message>
 <nop/>
 <message severity="verbose">Loaded module: /lib/x86_64-linux-gnu/libgcc_s.so.1, address range [0x7fb351287000-0x7fb35149e42f] </message>
 <nop/>
 <message severity="error">Internal error. Please contact Intel customer support team. </message>
 <nop/>
 <message severity="verbose">Application exit code: 139 </message>
 <nop/>
 <message severity="verbose">Result file: /home/rnwatanabe/Documents/projectFR/Examples/PosturalControl/r002mi2/r002mi2.inspxe </message>
 <nop/>
 <message severity="verbose">Analysis completed</message>
 <nop/>
 <message severity="warning">Encountered an issue while loading result [/home/rnwatanabe/Documents/projectFR/Examples/PosturalControl/r002mi2]. Run terminated abnormally. Some data may be lost. </message>
 <nop/>
 <message severity="info">  </message>
 <nop/>
 <message severity="info">0 new problem(s) found </message>
 <nop/>
</feedback>
