<?xml version="1.0" encoding="UTF-8"?>
<feedback>
 <message severity="verbose">Analysis started...</message>
 <nop/>
 <message severity="verbose">Result file: /home/rnwatanabe/Documents/projectFR/Examples/PosturalControl/r000mi2/r000mi2.inspxe </message>
 <nop/>
 <message severity="verbose">Analysis started for /home/rnwatanabe/Documents/projectFR/Examples/PosturalControl/PosturalControl (pid = 17112) </message>
 <nop/>
 <message severity="verbose">Loaded module: /home/rnwatanabe/Documents/projectFR/Examples/PosturalControl/PosturalControl, address range [0x400000-0xc6100f] </message>
 <nop/>
 <message severity="verbose">Loaded module: /lib64/ld-linux-x86-64.so.2, address range [0x7f6dd6549000-0x7f6dd677216f], minimal analysis </message>
 <nop/>
 <message severity="verbose">Loaded module: [vdso], address range [0x7ffee74c5000-0x7ffee74c600a] </message>
 <nop/>
 <message severity="verbose">Loaded module: /opt/intel/compilers_and_libraries_2018.3.222/linux/compiler/lib/intel64_lin/libiomp5.so, address range [0x7f6dc0eca000-0x7f6dc12a403f], minimal analysis </message>
 <nop/>
 <message severity="verbose">Loaded module: /lib/x86_64-linux-gnu/libpthread.so.0, address range [0x7f6dc0bf2000-0x7f6dc0e1047f] </message>
 <nop/>
 <message severity="verbose">Loaded module: /opt/intel/compilers_and_libraries_2018.3.222/linux/compiler/lib/intel64_lin/libimf.so, address range [0x7f6dc064f000-0x7f6dc0be1a3f] </message>
 <nop/>
 <message severity="verbose">Loaded module: /lib/x86_64-linux-gnu/libm.so.6, address range [0x7f6dc02a1000-0x7f6dc063e157] </message>
 <nop/>
 <message severity="verbose">Loaded module: /lib/x86_64-linux-gnu/libdl.so.2, address range [0x7f6dc008d000-0x7f6dc029010f], minimal analysis </message>
 <nop/>
 <message severity="verbose">Loaded module: /opt/intel/compilers_and_libraries_2018.3.222/linux/compiler/lib/intel64_lin/libifport.so.5, address range [0x7f6dbfe51000-0x7f6dc007cd3f] </message>
 <nop/>
 <message severity="verbose">Loaded module: /opt/intel/compilers_and_libraries_2018.3.222/linux/compiler/lib/intel64_lin/libifcoremt.so.5, address range [0x7f6dbfaad000-0x7f6dbfe403a7] </message>
 <nop/>
 <message severity="verbose">Loaded module: /opt/intel/compilers_and_libraries_2018.3.222/linux/compiler/lib/intel64_lin/libsvml.so, address range [0x7f6dbe18f000-0x7f6dbfa9c23f] </message>
 <nop/>
 <message severity="verbose">Loaded module: /opt/intel/compilers_and_libraries_2018.3.222/linux/compiler/lib/intel64_lin/libintlc.so.5, address range [0x7f6dbdf11000-0x7f6dbe17ef7f] </message>
 <nop/>
 <message severity="verbose">Loaded module: /lib/x86_64-linux-gnu/libc.so.6, address range [0x7f6dbdb10000-0x7f6dbdf00adf] </message>
 <nop/>
 <message severity="verbose">Loaded module: /lib/x86_64-linux-gnu/libgcc_s.so.1, address range [0x7f6dbd8e8000-0x7f6dbdaff42f] </message>
 <nop/>
 <message severity="error">Internal error. Please contact Intel customer support team. </message>
 <nop/>
 <message severity="verbose">Application exit code: 139 </message>
 <nop/>
 <message severity="verbose">Result file: /home/rnwatanabe/Documents/projectFR/Examples/PosturalControl/r000mi2/r000mi2.inspxe </message>
 <nop/>
 <message severity="verbose">Analysis completed</message>
 <nop/>
 <message severity="warning">Encountered an issue while loading result [/home/rnwatanabe/Documents/projectFR/Examples/PosturalControl/r000mi2]. Run terminated abnormally. Some data may be lost. </message>
 <nop/>
 <message severity="info">  </message>
 <nop/>
 <message severity="info">0 new problem(s) found </message>
 <nop/>
</feedback>
