<?xml version="1.0" encoding="UTF-8"?>
<feedback>
 <message severity="verbose">Analysis started...</message>
 <nop/>
 <message severity="verbose">Result file: /home/rnwatanabe/Documents/projectFR/Examples/PosturalControl/r007mi2/r007mi2.inspxe </message>
 <nop/>
 <message severity="verbose">Analysis started for /home/rnwatanabe/Documents/projectFR/Examples/PosturalControl/PosturalControl (pid = 19042) </message>
 <nop/>
 <message severity="verbose">Loaded module: /home/rnwatanabe/Documents/projectFR/Examples/PosturalControl/PosturalControl, address range [0x400000-0xc6080f] </message>
 <nop/>
 <message severity="verbose">Loaded module: /lib64/ld-linux-x86-64.so.2, address range [0x7f84fbc94000-0x7f84fbebd16f], minimal analysis </message>
 <nop/>
 <message severity="verbose">Loaded module: [vdso], address range [0x7ffc21e93000-0x7ffc21e9400a] </message>
 <nop/>
 <message severity="verbose">Loaded module: /opt/intel/compilers_and_libraries_2018.3.222/linux/compiler/lib/intel64_lin/libiomp5.so, address range [0x7f84e6617000-0x7f84e69f103f], minimal analysis </message>
 <nop/>
 <message severity="verbose">Loaded module: /lib/x86_64-linux-gnu/libpthread.so.0, address range [0x7f84e6342000-0x7f84e656047f] </message>
 <nop/>
 <message severity="verbose">Loaded module: /opt/intel/compilers_and_libraries_2018.3.222/linux/compiler/lib/intel64_lin/libimf.so, address range [0x7f84e5d9f000-0x7f84e6331a3f] </message>
 <nop/>
 <message severity="verbose">Loaded module: /lib/x86_64-linux-gnu/libm.so.6, address range [0x7f84e59f1000-0x7f84e5d8e157] </message>
 <nop/>
 <message severity="verbose">Loaded module: /lib/x86_64-linux-gnu/libdl.so.2, address range [0x7f84e57dd000-0x7f84e59e010f], minimal analysis </message>
 <nop/>
 <message severity="verbose">Loaded module: /opt/intel/compilers_and_libraries_2018.3.222/linux/compiler/lib/intel64_lin/libifport.so.5, address range [0x7f84e55a1000-0x7f84e57ccd3f] </message>
 <nop/>
 <message severity="verbose">Loaded module: /opt/intel/compilers_and_libraries_2018.3.222/linux/compiler/lib/intel64_lin/libifcoremt.so.5, address range [0x7f84e51fd000-0x7f84e55903a7] </message>
 <nop/>
 <message severity="verbose">Loaded module: /opt/intel/compilers_and_libraries_2018.3.222/linux/compiler/lib/intel64_lin/libsvml.so, address range [0x7f84e38df000-0x7f84e51ec23f] </message>
 <nop/>
 <message severity="verbose">Loaded module: /opt/intel/compilers_and_libraries_2018.3.222/linux/compiler/lib/intel64_lin/libintlc.so.5, address range [0x7f84e3661000-0x7f84e38cef7f] </message>
 <nop/>
 <message severity="verbose">Loaded module: /lib/x86_64-linux-gnu/libc.so.6, address range [0x7f84e3260000-0x7f84e3650adf] </message>
 <nop/>
 <message severity="verbose">Loaded module: /lib/x86_64-linux-gnu/libgcc_s.so.1, address range [0x7f84e3038000-0x7f84e324f42f] </message>
 <nop/>
 <message severity="error">Internal error. Please contact Intel customer support team. </message>
 <nop/>
 <message severity="verbose">Application exit code: 139 </message>
 <nop/>
 <message severity="verbose">Result file: /home/rnwatanabe/Documents/projectFR/Examples/PosturalControl/r007mi2/r007mi2.inspxe </message>
 <nop/>
 <message severity="verbose">Analysis completed</message>
 <nop/>
 <message severity="warning">Encountered an issue while loading result [/home/rnwatanabe/Documents/projectFR/Examples/PosturalControl/r007mi2]. Run terminated abnormally. Some data may be lost. </message>
 <nop/>
 <message severity="info">  </message>
 <nop/>
 <message severity="info">0 new problem(s) found </message>
 <nop/>
</feedback>
