<?xml version="1.0" encoding="utf-8"?>
<log version="1.0" tool="runtool">

<msg id="1" tool="runtool">
  <type>log-start</type>
  <arg>2018/09/12 17:46:52</arg>
</msg>
<msg id="2" tool="runtool">
  <type>collector-starts</type>
</msg>
<msg id="3" tool="runtool">
  <type>marker-file</type>
  <arg>/home/rnwatanabe/Documents/projectFR/Examples/PosturalControl/r001mi2/r001mi2.inspxe</arg>
</msg>
<msg id="4" tool="mc">
  <type>EXEC_OF_INTEREST</type>
  <arg>/home/rnwatanabe/Documents/projectFR/Examples/PosturalControl/PosturalControl</arg>
  <arg>17158</arg>
  <severity>INFO</severity>
  <timestamp>Wed Sep 12 17:46:52 2018</timestamp>
</msg>
<msg id="5" tool="mc">
  <type>MODULE_LOAD</type>
  <arg>/home/rnwatanabe/Documents/projectFR/Examples/PosturalControl/PosturalControl</arg>
  <arg>0x400000</arg>
  <arg>0xc6100f</arg>
  <severity>INFO</severity>
  <timestamp>Wed Sep 12 17:46:52 2018</timestamp>
</msg>
<msg id="6" tool="mc">
  <type>MODULE_LOAD_NO_ANALYSIS</type>
  <arg>/lib64/ld-linux-x86-64.so.2</arg>
  <arg>0x7f4d01d1c000</arg>
  <arg>0x7f4d01f4516f</arg>
  <severity>INFO</severity>
  <timestamp>Wed Sep 12 17:46:52 2018</timestamp>
</msg>
<msg id="7" tool="mc">
  <type>MODULE_LOAD</type>
  <arg>[vdso]</arg>
  <arg>0x7fffcb3e0000</arg>
  <arg>0x7fffcb3e100a</arg>
  <severity>INFO</severity>
  <timestamp>Wed Sep 12 17:46:52 2018</timestamp>
</msg>
<msg id="8" tool="mc">
  <type>MODULE_LOAD_NO_ANALYSIS</type>
  <arg>/opt/intel/compilers_and_libraries_2018.3.222/linux/compiler/lib/intel64_lin/libiomp5.so</arg>
  <arg>0x7f4cec65d000</arg>
  <arg>0x7f4ceca3703f</arg>
  <severity>INFO</severity>
  <timestamp>Wed Sep 12 17:46:52 2018</timestamp>
</msg>
<msg id="9" tool="mc">
  <type>MODULE_LOAD</type>
  <arg>/lib/x86_64-linux-gnu/libpthread.so.0</arg>
  <arg>0x7f4cec335000</arg>
  <arg>0x7f4cec55347f</arg>
  <severity>INFO</severity>
  <timestamp>Wed Sep 12 17:46:52 2018</timestamp>
</msg>
<msg id="10" tool="mc">
  <type>MODULE_LOAD</type>
  <arg>/opt/intel/compilers_and_libraries_2018.3.222/linux/compiler/lib/intel64_lin/libimf.so</arg>
  <arg>0x7f4cebda2000</arg>
  <arg>0x7f4cec334a3f</arg>
  <severity>INFO</severity>
  <timestamp>Wed Sep 12 17:46:52 2018</timestamp>
</msg>
<msg id="11" tool="mc">
  <type>MODULE_LOAD</type>
  <arg>/lib/x86_64-linux-gnu/libm.so.6</arg>
  <arg>0x7f4ceb9f4000</arg>
  <arg>0x7f4cebd91157</arg>
  <severity>INFO</severity>
  <timestamp>Wed Sep 12 17:46:52 2018</timestamp>
</msg>
<msg id="12" tool="mc">
  <type>MODULE_LOAD_NO_ANALYSIS</type>
  <arg>/lib/x86_64-linux-gnu/libdl.so.2</arg>
  <arg>0x7f4ceb7e0000</arg>
  <arg>0x7f4ceb9e310f</arg>
  <severity>INFO</severity>
  <timestamp>Wed Sep 12 17:46:52 2018</timestamp>
</msg>
<msg id="13" tool="mc">
  <type>MODULE_LOAD</type>
  <arg>/opt/intel/compilers_and_libraries_2018.3.222/linux/compiler/lib/intel64_lin/libifport.so.5</arg>
  <arg>0x7f4ceb5a4000</arg>
  <arg>0x7f4ceb7cfd3f</arg>
  <severity>INFO</severity>
  <timestamp>Wed Sep 12 17:46:52 2018</timestamp>
</msg>
<msg id="14" tool="mc">
  <type>MODULE_LOAD</type>
  <arg>/opt/intel/compilers_and_libraries_2018.3.222/linux/compiler/lib/intel64_lin/libifcoremt.so.5</arg>
  <arg>0x7f4ceb200000</arg>
  <arg>0x7f4ceb5933a7</arg>
  <severity>INFO</severity>
  <timestamp>Wed Sep 12 17:46:52 2018</timestamp>
</msg>
<msg id="15" tool="mc">
  <type>MODULE_LOAD</type>
  <arg>/opt/intel/compilers_and_libraries_2018.3.222/linux/compiler/lib/intel64_lin/libsvml.so</arg>
  <arg>0x7f4ce98e2000</arg>
  <arg>0x7f4ceb1ef23f</arg>
  <severity>INFO</severity>
  <timestamp>Wed Sep 12 17:46:52 2018</timestamp>
</msg>
<msg id="16" tool="mc">
  <type>MODULE_LOAD</type>
  <arg>/opt/intel/compilers_and_libraries_2018.3.222/linux/compiler/lib/intel64_lin/libintlc.so.5</arg>
  <arg>0x7f4ce9664000</arg>
  <arg>0x7f4ce98d1f7f</arg>
  <severity>INFO</severity>
  <timestamp>Wed Sep 12 17:46:52 2018</timestamp>
</msg>
<msg id="17" tool="mc">
  <type>MODULE_LOAD</type>
  <arg>/lib/x86_64-linux-gnu/libc.so.6</arg>
  <arg>0x7f4ce9263000</arg>
  <arg>0x7f4ce9653adf</arg>
  <severity>INFO</severity>
  <timestamp>Wed Sep 12 17:46:52 2018</timestamp>
</msg>
<msg id="18" tool="mc">
  <type>MODULE_LOAD</type>
  <arg>/lib/x86_64-linux-gnu/libgcc_s.so.1</arg>
  <arg>0x7f4ce903b000</arg>
  <arg>0x7f4ce925242f</arg>
  <severity>INFO</severity>
  <timestamp>Wed Sep 12 17:46:52 2018</timestamp>
</msg>
<msg id="19" tool="mc">
  <type>INTERNAL</type>
  <severity>ERROR</severity>
  <timestamp>Wed Sep 12 17:46:52 2018</timestamp>
</msg>
<msg id="20" tool="runtool">
  <type>app-exit-code</type>
  <arg>139</arg>
</msg>
<msg id="21" tool="runtool">
  <type>marker-file</type>
  <arg>/home/rnwatanabe/Documents/projectFR/Examples/PosturalControl/r001mi2/r001mi2.inspxe</arg>
</msg>
<msg id="22" tool="runtool">
  <type>collector-done</type>
</msg>
<msg id="23" tool="runtool">
  <type>log-end</type>
  <arg>2018/09/12 17:46:57</arg>
</msg>

</log>

