<?xml version="1.0" encoding="utf-8" ?>
<!-- DO NOT EDIT THIS FILE -->

<log version='2.0' source='mc'>
	<!-- Successfully loaded CCRT at address 0x7f4d006cc000 - 0x7f4d006d5000 -->
	<!-- Successfully loaded MC at address 0x7f4d0109a000 - 0x7f4d01142000 -->
	<!-- Analysis started for /home/rnwatanabe/Documents/projectFR/Examples/PosturalControl/PosturalControl, pid = 17158 -->
	<msg id='1' source='mc'>
		<type>EXEC_OF_INTEREST</type>
		<severity>INFO</severity>
		<timestamp>Wed Sep 12 17:46:52 2018</timestamp>
		<arg name='path'>/home/rnwatanabe/Documents/projectFR/Examples/PosturalControl/PosturalControl</arg>
		<arg name='pid'>17158</arg>
	</msg>
	<!-- Command line: /opt/intel/inspector_2018.3.0.558189/bin64/pinbin -p32 /opt/intel/inspector_2018.3.0.558189/bin32/pinbin -xyzzy -mesgoff console -xyzzy -bridge_save_x87 0 -bridge_save_mxcsr 0 -follow_execv -error_file /home/rnwatanabe/Documents/projectFR/Examples/PosturalControl/r001mi2/data.0/pin_error.log -logfile /home/rnwatanabe/Documents/projectFR/Examples/PosturalControl/r001mi2/data.0/pin.log -xyzzy -region_max_inss 100 -t64 /opt/intel/inspector_2018.3.0.558189/lib64/libmemchkr -t /opt/intel/inspector_2018.3.0.558189/lib32/libmemchkr -no-analyze-stack -check-invalid-access -leak-check-on-exit -leak-check-on-demand -enable-memory-growth -leak-check-report-reachable -check-resource-leaks -suppress-breakpoints -freelist-vol 0 -leak-maximum 100000 -guard-zone-size 0 -stack-depth 8 -working-dir /home/rnwatanabe/Documents/projectFR/Examples/PosturalControl/r001mi2/data.0 -log mc_PosturalControl.log -result PosturalControl - /home/rnwatanabe/Documents/projectFR/Examples/PosturalControl/PosturalControl  -->
	<!-- mc's options are the following:  -->
	<!-- -help                              false -->
	<!-- -verbose                           false -->
	<!-- -xyzzy                             false -->
	<!-- -version                           false -->
	<!-- -help-all                          false -->
	<!-- -xyzzy-all                         false -->
	<!-- -report-all-instances              false -->
	<!-- -check-for-padded-structures       true -->
	<!-- -check-for-bitfields               true -->
	<!-- -analyze-stack                     false -->
	<!-- -access-checks                     false -->
	<!-- -check-uninit-read                 false -->
	<!-- -check-invalid-access              true -->
	<!-- -advanced-uninit-read              false -->
	<!-- -track-origins                     true -->
	<!-- -duplicate-uninits                 false -->
	<!-- -bss-initialized                   true -->
	<!-- -align-alloc-size                  false -->
	<!-- -report-uninit-read                false -->
	<!-- -ignore-system-libraries           false -->
	<!-- -gen-suppressions                  false -->
	<!-- -leak-check-on-exit                true -->
	<!-- -leak-check-on-demand              true -->
	<!-- -leak-check-uses-baseline          true -->
	<!-- -enable-memory-growth              true -->
	<!-- -leak-check-report-reachable       true -->
	<!-- -leak-check-full                   true -->
	<!-- -check-resource-leaks              true -->
	<!-- -trace-children                    false -->
	<!-- -enable-poke                       false -->
	<!-- -jit-mode-anyway                   false -->
	<!-- -disable-probe-mode-mismatches-64  true -->
	<!-- -aggressive-callstack-caching      false -->
	<!-- -suppress-breakpoints              true -->
	<!-- -monitor-memory                    false -->
	<!-- -freelist-vol                      0 -->
	<!-- -leak-maximum                      100000 -->
	<!-- -guard-zone-size                   0 -->
	<!-- -stack-depth                       8 -->
	<!-- -heartbeat                         0 -->
	<!-- -breakpoint-file                   (null) -->
	<!-- -config-file                       (null) -->
	<!-- -log                               mc_PosturalControl.log -->
	<!-- -ignore-commands                   (null),  -->
	<!-- -ignore-modules                    (null),  -->
	<!-- -ignore-symbols                    (null),  -->
	<!-- -module-of-interest                (null),  -->
	<!-- -executable-of-interest            (null),  -->
	<!-- -working-dir                       /home/rnwatanabe/Documents/projectFR/Examples/PosturalControl/r001mi2/data.0 -->
	<!-- -result                            PosturalControl -->
	<!-- -exclude-module                    (null),  -->
	<!-- -include-module                    (null),  -->
	<!-- -only-exec-commands                (null),  -->
	<!-- -suppressions                      (null),  -->
	<!-- -debug                             none -->
	<!-- -shared-mem-name                   (null) -->
	<!-- -poke-function                     (null),  -->
	<!-- -analysis-mode                     (null) -->
	<!-- probe mode: no -->
	<!-- invalid access: yes -->
	<!-- uninit read: no -->
	<!-- track origin: no -->
	<!-- Module loaded /home/rnwatanabe/Documents/projectFR/Examples/PosturalControl/PosturalControl, address range [0x0000000000400000-0x0000000000c6100f] -->
	<msg id='2' source='mc'>
		<type>MODULE_LOAD</type>
		<severity>INFO</severity>
		<timestamp>Wed Sep 12 17:46:52 2018</timestamp>
		<arg name='path'>/home/rnwatanabe/Documents/projectFR/Examples/PosturalControl/PosturalControl</arg>
		<arg name='addr1'>0x400000</arg>
		<arg name='addr2'>0xc6100f</arg>
	</msg>
	<!-- Module loaded /lib64/ld-linux-x86-64.so.2, address range [0x00007f4d01d1c000-0x00007f4d01f4516f], minimal analysis -->
	<msg id='3' source='mc'>
		<type>MODULE_LOAD_NO_ANALYSIS</type>
		<severity>INFO</severity>
		<timestamp>Wed Sep 12 17:46:52 2018</timestamp>
		<arg name='path'>/lib64/ld-linux-x86-64.so.2</arg>
		<arg name='addr1'>0x7f4d01d1c000</arg>
		<arg name='addr2'>0x7f4d01f4516f</arg>
	</msg>
	<!-- Module loaded [vdso], address range [0x00007fffcb3e0000-0x00007fffcb3e100a] -->
	<msg id='4' source='mc'>
		<type>MODULE_LOAD</type>
		<severity>INFO</severity>
		<timestamp>Wed Sep 12 17:46:52 2018</timestamp>
		<arg name='path'>[vdso]</arg>
		<arg name='addr1'>0x7fffcb3e0000</arg>
		<arg name='addr2'>0x7fffcb3e100a</arg>
	</msg>
	<!-- DIAG: 1 -->
	<!-- Module loaded /opt/intel/compilers_and_libraries_2018.3.222/linux/compiler/lib/intel64_lin/libiomp5.so, address range [0x00007f4cec65d000-0x00007f4ceca3703f], minimal analysis -->
	<msg id='5' source='mc'>
		<type>MODULE_LOAD_NO_ANALYSIS</type>
		<severity>INFO</severity>
		<timestamp>Wed Sep 12 17:46:52 2018</timestamp>
		<arg name='path'>/opt/intel/compilers_and_libraries_2018.3.222/linux/compiler/lib/intel64_lin/libiomp5.so</arg>
		<arg name='addr1'>0x7f4cec65d000</arg>
		<arg name='addr2'>0x7f4ceca3703f</arg>
	</msg>
	<!-- Module loaded /lib/x86_64-linux-gnu/libpthread.so.0, address range [0x00007f4cec335000-0x00007f4cec55347f] -->
	<msg id='6' source='mc'>
		<type>MODULE_LOAD</type>
		<severity>INFO</severity>
		<timestamp>Wed Sep 12 17:46:52 2018</timestamp>
		<arg name='path'>/lib/x86_64-linux-gnu/libpthread.so.0</arg>
		<arg name='addr1'>0x7f4cec335000</arg>
		<arg name='addr2'>0x7f4cec55347f</arg>
	</msg>
	<!-- Module loaded /opt/intel/compilers_and_libraries_2018.3.222/linux/compiler/lib/intel64_lin/libimf.so, address range [0x00007f4cebda2000-0x00007f4cec334a3f] -->
	<msg id='7' source='mc'>
		<type>MODULE_LOAD</type>
		<severity>INFO</severity>
		<timestamp>Wed Sep 12 17:46:52 2018</timestamp>
		<arg name='path'>/opt/intel/compilers_and_libraries_2018.3.222/linux/compiler/lib/intel64_lin/libimf.so</arg>
		<arg name='addr1'>0x7f4cebda2000</arg>
		<arg name='addr2'>0x7f4cec334a3f</arg>
	</msg>
	<!-- Module loaded /lib/x86_64-linux-gnu/libm.so.6, address range [0x00007f4ceb9f4000-0x00007f4cebd91157] -->
	<msg id='8' source='mc'>
		<type>MODULE_LOAD</type>
		<severity>INFO</severity>
		<timestamp>Wed Sep 12 17:46:52 2018</timestamp>
		<arg name='path'>/lib/x86_64-linux-gnu/libm.so.6</arg>
		<arg name='addr1'>0x7f4ceb9f4000</arg>
		<arg name='addr2'>0x7f4cebd91157</arg>
	</msg>
	<!-- Module loaded /lib/x86_64-linux-gnu/libdl.so.2, address range [0x00007f4ceb7e0000-0x00007f4ceb9e310f], minimal analysis -->
	<msg id='9' source='mc'>
		<type>MODULE_LOAD_NO_ANALYSIS</type>
		<severity>INFO</severity>
		<timestamp>Wed Sep 12 17:46:52 2018</timestamp>
		<arg name='path'>/lib/x86_64-linux-gnu/libdl.so.2</arg>
		<arg name='addr1'>0x7f4ceb7e0000</arg>
		<arg name='addr2'>0x7f4ceb9e310f</arg>
	</msg>
	<!-- Module loaded /opt/intel/compilers_and_libraries_2018.3.222/linux/compiler/lib/intel64_lin/libifport.so.5, address range [0x00007f4ceb5a4000-0x00007f4ceb7cfd3f] -->
	<msg id='10' source='mc'>
		<type>MODULE_LOAD</type>
		<severity>INFO</severity>
		<timestamp>Wed Sep 12 17:46:52 2018</timestamp>
		<arg name='path'>/opt/intel/compilers_and_libraries_2018.3.222/linux/compiler/lib/intel64_lin/libifport.so.5</arg>
		<arg name='addr1'>0x7f4ceb5a4000</arg>
		<arg name='addr2'>0x7f4ceb7cfd3f</arg>
	</msg>
	<!-- Module loaded /opt/intel/compilers_and_libraries_2018.3.222/linux/compiler/lib/intel64_lin/libifcoremt.so.5, address range [0x00007f4ceb200000-0x00007f4ceb5933a7] -->
	<msg id='11' source='mc'>
		<type>MODULE_LOAD</type>
		<severity>INFO</severity>
		<timestamp>Wed Sep 12 17:46:52 2018</timestamp>
		<arg name='path'>/opt/intel/compilers_and_libraries_2018.3.222/linux/compiler/lib/intel64_lin/libifcoremt.so.5</arg>
		<arg name='addr1'>0x7f4ceb200000</arg>
		<arg name='addr2'>0x7f4ceb5933a7</arg>
	</msg>
	<!-- Module loaded /opt/intel/compilers_and_libraries_2018.3.222/linux/compiler/lib/intel64_lin/libsvml.so, address range [0x00007f4ce98e2000-0x00007f4ceb1ef23f] -->
	<msg id='12' source='mc'>
		<type>MODULE_LOAD</type>
		<severity>INFO</severity>
		<timestamp>Wed Sep 12 17:46:52 2018</timestamp>
		<arg name='path'>/opt/intel/compilers_and_libraries_2018.3.222/linux/compiler/lib/intel64_lin/libsvml.so</arg>
		<arg name='addr1'>0x7f4ce98e2000</arg>
		<arg name='addr2'>0x7f4ceb1ef23f</arg>
	</msg>
	<!-- Module loaded /opt/intel/compilers_and_libraries_2018.3.222/linux/compiler/lib/intel64_lin/libintlc.so.5, address range [0x00007f4ce9664000-0x00007f4ce98d1f7f] -->
	<msg id='13' source='mc'>
		<type>MODULE_LOAD</type>
		<severity>INFO</severity>
		<timestamp>Wed Sep 12 17:46:52 2018</timestamp>
		<arg name='path'>/opt/intel/compilers_and_libraries_2018.3.222/linux/compiler/lib/intel64_lin/libintlc.so.5</arg>
		<arg name='addr1'>0x7f4ce9664000</arg>
		<arg name='addr2'>0x7f4ce98d1f7f</arg>
	</msg>
	<!-- Module loaded /lib/x86_64-linux-gnu/libc.so.6, address range [0x00007f4ce9263000-0x00007f4ce9653adf] -->
	<msg id='14' source='mc'>
		<type>MODULE_LOAD</type>
		<severity>INFO</severity>
		<timestamp>Wed Sep 12 17:46:52 2018</timestamp>
		<arg name='path'>/lib/x86_64-linux-gnu/libc.so.6</arg>
		<arg name='addr1'>0x7f4ce9263000</arg>
		<arg name='addr2'>0x7f4ce9653adf</arg>
	</msg>
	<!-- Module loaded /lib/x86_64-linux-gnu/libgcc_s.so.1, address range [0x00007f4ce903b000-0x00007f4ce925242f] -->
	<msg id='15' source='mc'>
		<type>MODULE_LOAD</type>
		<severity>INFO</severity>
		<timestamp>Wed Sep 12 17:46:52 2018</timestamp>
		<arg name='path'>/lib/x86_64-linux-gnu/libgcc_s.so.1</arg>
		<arg name='addr1'>0x7f4ce903b000</arg>
		<arg name='addr2'>0x7f4ce925242f</arg>
	</msg>
	<msg id='16' source='ccrt'>
		<type>INTERNAL</type>
		<severity>ERROR</severity>
		<timestamp>Wed Sep 12 17:46:52 2018</timestamp>
		<!-- Memorychecker or PIN generated an exception: Exception Code: ACCESS_INVALID_ADDRESS. Exception Address = 0x7f4d004bd056. Access Type: UNKNOWN. Access Address = 0x0ff603720 -->
	</msg>
	<!-- Exception call stack: -->
	<!-- => 0x7f4d004bd056: __CcCpuidEx+0x000000016 at libccrt13.so+0x00000e056  -->
	<!-- => 0x7f4d004bd0ef: __CcGetXsaveAreaMaxSize+0x00000007f at libccrt13.so+0x00000e0ef  -->
	<!-- => 0x7f4d00c8cd4e: _Z7I_TracePN15LEVEL_PINCLIENT11TRACE_CLASSEPv+0x0000011fe at /opt/intel/inspector_2018.3.0.558189/lib64/libmemchkr.so+0x0000ced4e  -->
	<!-- User callstack, ptr = 0x7f4d01ef8060 -->
	<!-- [4]: pc = 0x00007f4cec33afff, sp = 0x00007fffcb24d0f0, min_sp = 0x00007fffcb24d0f0, __pthread_initialize_minimal, :0 -->
	<!-- [3]: pc = 0x00007f4cec33a67c, sp = 0x00007fffcb24d1d0, min_sp = 0x00007fffcb24d1d0, _init, :0 -->
	<!-- [2]: pc = 0x00007f4d01d2c88b, sp = 0x00007fffcb24d1e0, min_sp = 0x00007fffcb24d1e0, _dl_rtld_di_serinfo, :0 -->
	<!-- [1]: pc = 0x00007f4d01d1d0c5, sp = 0x00007fffcb24d230, min_sp = 0x00007fffcb24d230, .text, :0 -->
	<!-- End of user callstack -->