<?xml version="1.0" encoding="utf-8"?>
<log version="1.0" tool="runtool">

<msg id="1" tool="runtool">
  <type>log-start</type>
  <arg>2018/09/12 18:19:30</arg>
</msg>
<msg id="2" tool="runtool">
  <type>collector-starts</type>
</msg>
<msg id="3" tool="runtool">
  <type>marker-file</type>
  <arg>/home/rnwatanabe/Documents/projectFR/Examples/PosturalControl/r004mi2/r004mi2.inspxe</arg>
</msg>
<msg id="4" tool="mc">
  <type>EXEC_OF_INTEREST</type>
  <arg>/home/rnwatanabe/Documents/projectFR/Examples/PosturalControl/PosturalControl</arg>
  <arg>18332</arg>
  <severity>INFO</severity>
  <timestamp>Wed Sep 12 18:19:30 2018</timestamp>
</msg>
<msg id="5" tool="mc">
  <type>MODULE_LOAD</type>
  <arg>/home/rnwatanabe/Documents/projectFR/Examples/PosturalControl/PosturalControl</arg>
  <arg>0x400000</arg>
  <arg>0xc6080f</arg>
  <severity>INFO</severity>
  <timestamp>Wed Sep 12 18:19:30 2018</timestamp>
</msg>
<msg id="6" tool="mc">
  <type>MODULE_LOAD_NO_ANALYSIS</type>
  <arg>/lib64/ld-linux-x86-64.so.2</arg>
  <arg>0x7f972e3b7000</arg>
  <arg>0x7f972e5e016f</arg>
  <severity>INFO</severity>
  <timestamp>Wed Sep 12 18:19:30 2018</timestamp>
</msg>
<msg id="7" tool="mc">
  <type>MODULE_LOAD</type>
  <arg>[vdso]</arg>
  <arg>0x7ffd249a2000</arg>
  <arg>0x7ffd249a300a</arg>
  <severity>INFO</severity>
  <timestamp>Wed Sep 12 18:19:30 2018</timestamp>
</msg>
<msg id="8" tool="mc">
  <type>MODULE_LOAD_NO_ANALYSIS</type>
  <arg>/opt/intel/compilers_and_libraries_2018.3.222/linux/compiler/lib/intel64_lin/libiomp5.so</arg>
  <arg>0x7f9718d3a000</arg>
  <arg>0x7f971911403f</arg>
  <severity>INFO</severity>
  <timestamp>Wed Sep 12 18:19:30 2018</timestamp>
</msg>
<msg id="9" tool="mc">
  <type>MODULE_LOAD</type>
  <arg>/lib/x86_64-linux-gnu/libpthread.so.0</arg>
  <arg>0x7f9718a50000</arg>
  <arg>0x7f9718c6e47f</arg>
  <severity>INFO</severity>
  <timestamp>Wed Sep 12 18:19:30 2018</timestamp>
</msg>
<msg id="10" tool="mc">
  <type>MODULE_LOAD</type>
  <arg>/opt/intel/compilers_and_libraries_2018.3.222/linux/compiler/lib/intel64_lin/libimf.so</arg>
  <arg>0x7f97184bd000</arg>
  <arg>0x7f9718a4fa3f</arg>
  <severity>INFO</severity>
  <timestamp>Wed Sep 12 18:19:30 2018</timestamp>
</msg>
<msg id="11" tool="mc">
  <type>MODULE_LOAD</type>
  <arg>/lib/x86_64-linux-gnu/libm.so.6</arg>
  <arg>0x7f971811f000</arg>
  <arg>0x7f97184bc157</arg>
  <severity>INFO</severity>
  <timestamp>Wed Sep 12 18:19:30 2018</timestamp>
</msg>
<msg id="12" tool="mc">
  <type>MODULE_LOAD_NO_ANALYSIS</type>
  <arg>/lib/x86_64-linux-gnu/libdl.so.2</arg>
  <arg>0x7f9717f0b000</arg>
  <arg>0x7f971810e10f</arg>
  <severity>INFO</severity>
  <timestamp>Wed Sep 12 18:19:30 2018</timestamp>
</msg>
<msg id="13" tool="mc">
  <type>MODULE_LOAD</type>
  <arg>/opt/intel/compilers_and_libraries_2018.3.222/linux/compiler/lib/intel64_lin/libifport.so.5</arg>
  <arg>0x7f9717ccf000</arg>
  <arg>0x7f9717efad3f</arg>
  <severity>INFO</severity>
  <timestamp>Wed Sep 12 18:19:30 2018</timestamp>
</msg>
<msg id="14" tool="mc">
  <type>MODULE_LOAD</type>
  <arg>/opt/intel/compilers_and_libraries_2018.3.222/linux/compiler/lib/intel64_lin/libifcoremt.so.5</arg>
  <arg>0x7f971792b000</arg>
  <arg>0x7f9717cbe3a7</arg>
  <severity>INFO</severity>
  <timestamp>Wed Sep 12 18:19:30 2018</timestamp>
</msg>
<msg id="15" tool="mc">
  <type>MODULE_LOAD</type>
  <arg>/opt/intel/compilers_and_libraries_2018.3.222/linux/compiler/lib/intel64_lin/libsvml.so</arg>
  <arg>0x7f971600d000</arg>
  <arg>0x7f971791a23f</arg>
  <severity>INFO</severity>
  <timestamp>Wed Sep 12 18:19:31 2018</timestamp>
</msg>
<msg id="16" tool="mc">
  <type>MODULE_LOAD</type>
  <arg>/opt/intel/compilers_and_libraries_2018.3.222/linux/compiler/lib/intel64_lin/libintlc.so.5</arg>
  <arg>0x7f9715d8f000</arg>
  <arg>0x7f9715ffcf7f</arg>
  <severity>INFO</severity>
  <timestamp>Wed Sep 12 18:19:31 2018</timestamp>
</msg>
<msg id="17" tool="mc">
  <type>MODULE_LOAD</type>
  <arg>/lib/x86_64-linux-gnu/libc.so.6</arg>
  <arg>0x7f971598e000</arg>
  <arg>0x7f9715d7eadf</arg>
  <severity>INFO</severity>
  <timestamp>Wed Sep 12 18:19:31 2018</timestamp>
</msg>
<msg id="18" tool="mc">
  <type>MODULE_LOAD</type>
  <arg>/lib/x86_64-linux-gnu/libgcc_s.so.1</arg>
  <arg>0x7f9715766000</arg>
  <arg>0x7f971597d42f</arg>
  <severity>INFO</severity>
  <timestamp>Wed Sep 12 18:19:31 2018</timestamp>
</msg>
<msg id="19" tool="mc">
  <type>INTERNAL</type>
  <severity>ERROR</severity>
  <timestamp>Wed Sep 12 18:19:31 2018</timestamp>
</msg>
<msg id="20" tool="runtool">
  <type>app-exit-code</type>
  <arg>139</arg>
</msg>
<msg id="21" tool="runtool">
  <type>marker-file</type>
  <arg>/home/rnwatanabe/Documents/projectFR/Examples/PosturalControl/r004mi2/r004mi2.inspxe</arg>
</msg>
<msg id="22" tool="runtool">
  <type>collector-done</type>
</msg>
<msg id="23" tool="runtool">
  <type>log-end</type>
  <arg>2018/09/12 18:19:35</arg>
</msg>

</log>

