<?xml version="1.0" encoding="utf-8" ?>
<!-- DO NOT EDIT THIS FILE -->

<log version='2.0' source='mc'>
	<!-- Successfully loaded CCRT at address 0x7f972cd67000 - 0x7f972cd70000 -->
	<!-- Successfully loaded MC at address 0x7f972d735000 - 0x7f972d7dd000 -->
	<!-- Analysis started for /home/rnwatanabe/Documents/projectFR/Examples/PosturalControl/PosturalControl, pid = 18332 -->
	<msg id='1' source='mc'>
		<type>EXEC_OF_INTEREST</type>
		<severity>INFO</severity>
		<timestamp>Wed Sep 12 18:19:30 2018</timestamp>
		<arg name='path'>/home/rnwatanabe/Documents/projectFR/Examples/PosturalControl/PosturalControl</arg>
		<arg name='pid'>18332</arg>
	</msg>
	<!-- Command line: /opt/intel/inspector_2018.3.0.558189/bin64/pinbin -p32 /opt/intel/inspector_2018.3.0.558189/bin32/pinbin -xyzzy -mesgoff console -xyzzy -bridge_save_x87 0 -bridge_save_mxcsr 0 -follow_execv -error_file /home/rnwatanabe/Documents/projectFR/Examples/PosturalControl/r004mi2/data.0/pin_error.log -logfile /home/rnwatanabe/Documents/projectFR/Examples/PosturalControl/r004mi2/data.0/pin.log -xyzzy -region_max_inss 100 -t64 /opt/intel/inspector_2018.3.0.558189/lib64/libmemchkr -t /opt/intel/inspector_2018.3.0.558189/lib32/libmemchkr -no-analyze-stack -check-invalid-access -leak-check-on-exit -leak-check-on-demand -enable-memory-growth -leak-check-report-reachable -check-resource-leaks -suppress-breakpoints -freelist-vol 0 -leak-maximum 100000 -guard-zone-size 0 -stack-depth 8 -working-dir /home/rnwatanabe/Documents/projectFR/Examples/PosturalControl/r004mi2/data.0 -log mc_PosturalControl.log -result PosturalControl - /home/rnwatanabe/Documents/projectFR/Examples/PosturalControl/PosturalControl  -->
	<!-- mc's options are the following:  -->
	<!-- -help                              false -->
	<!-- -verbose                           false -->
	<!-- -xyzzy                             false -->
	<!-- -version                           false -->
	<!-- -help-all                          false -->
	<!-- -xyzzy-all                         false -->
	<!-- -report-all-instances              false -->
	<!-- -check-for-padded-structures       true -->
	<!-- -check-for-bitfields               true -->
	<!-- -analyze-stack                     false -->
	<!-- -access-checks                     false -->
	<!-- -check-uninit-read                 false -->
	<!-- -check-invalid-access              true -->
	<!-- -advanced-uninit-read              false -->
	<!-- -track-origins                     true -->
	<!-- -duplicate-uninits                 false -->
	<!-- -bss-initialized                   true -->
	<!-- -align-alloc-size                  false -->
	<!-- -report-uninit-read                false -->
	<!-- -ignore-system-libraries           false -->
	<!-- -gen-suppressions                  false -->
	<!-- -leak-check-on-exit                true -->
	<!-- -leak-check-on-demand              true -->
	<!-- -leak-check-uses-baseline          true -->
	<!-- -enable-memory-growth              true -->
	<!-- -leak-check-report-reachable       true -->
	<!-- -leak-check-full                   true -->
	<!-- -check-resource-leaks              true -->
	<!-- -trace-children                    false -->
	<!-- -enable-poke                       false -->
	<!-- -jit-mode-anyway                   false -->
	<!-- -disable-probe-mode-mismatches-64  true -->
	<!-- -aggressive-callstack-caching      false -->
	<!-- -suppress-breakpoints              true -->
	<!-- -monitor-memory                    false -->
	<!-- -freelist-vol                      0 -->
	<!-- -leak-maximum                      100000 -->
	<!-- -guard-zone-size                   0 -->
	<!-- -stack-depth                       8 -->
	<!-- -heartbeat                         0 -->
	<!-- -breakpoint-file                   (null) -->
	<!-- -config-file                       (null) -->
	<!-- -log                               mc_PosturalControl.log -->
	<!-- -ignore-commands                   (null),  -->
	<!-- -ignore-modules                    (null),  -->
	<!-- -ignore-symbols                    (null),  -->
	<!-- -module-of-interest                (null),  -->
	<!-- -executable-of-interest            (null),  -->
	<!-- -working-dir                       /home/rnwatanabe/Documents/projectFR/Examples/PosturalControl/r004mi2/data.0 -->
	<!-- -result                            PosturalControl -->
	<!-- -exclude-module                    (null),  -->
	<!-- -include-module                    (null),  -->
	<!-- -only-exec-commands                (null),  -->
	<!-- -suppressions                      (null),  -->
	<!-- -debug                             none -->
	<!-- -shared-mem-name                   (null) -->
	<!-- -poke-function                     (null),  -->
	<!-- -analysis-mode                     (null) -->
	<!-- probe mode: no -->
	<!-- invalid access: yes -->
	<!-- uninit read: no -->
	<!-- track origin: no -->
	<!-- Module loaded /home/rnwatanabe/Documents/projectFR/Examples/PosturalControl/PosturalControl, address range [0x0000000000400000-0x0000000000c6080f] -->
	<msg id='2' source='mc'>
		<type>MODULE_LOAD</type>
		<severity>INFO</severity>
		<timestamp>Wed Sep 12 18:19:30 2018</timestamp>
		<arg name='path'>/home/rnwatanabe/Documents/projectFR/Examples/PosturalControl/PosturalControl</arg>
		<arg name='addr1'>0x400000</arg>
		<arg name='addr2'>0xc6080f</arg>
	</msg>
	<!-- Module loaded /lib64/ld-linux-x86-64.so.2, address range [0x00007f972e3b7000-0x00007f972e5e016f], minimal analysis -->
	<msg id='3' source='mc'>
		<type>MODULE_LOAD_NO_ANALYSIS</type>
		<severity>INFO</severity>
		<timestamp>Wed Sep 12 18:19:30 2018</timestamp>
		<arg name='path'>/lib64/ld-linux-x86-64.so.2</arg>
		<arg name='addr1'>0x7f972e3b7000</arg>
		<arg name='addr2'>0x7f972e5e016f</arg>
	</msg>
	<!-- Module loaded [vdso], address range [0x00007ffd249a2000-0x00007ffd249a300a] -->
	<msg id='4' source='mc'>
		<type>MODULE_LOAD</type>
		<severity>INFO</severity>
		<timestamp>Wed Sep 12 18:19:30 2018</timestamp>
		<arg name='path'>[vdso]</arg>
		<arg name='addr1'>0x7ffd249a2000</arg>
		<arg name='addr2'>0x7ffd249a300a</arg>
	</msg>
	<!-- DIAG: 1 -->
	<!-- Module loaded /opt/intel/compilers_and_libraries_2018.3.222/linux/compiler/lib/intel64_lin/libiomp5.so, address range [0x00007f9718d3a000-0x00007f971911403f], minimal analysis -->
	<msg id='5' source='mc'>
		<type>MODULE_LOAD_NO_ANALYSIS</type>
		<severity>INFO</severity>
		<timestamp>Wed Sep 12 18:19:30 2018</timestamp>
		<arg name='path'>/opt/intel/compilers_and_libraries_2018.3.222/linux/compiler/lib/intel64_lin/libiomp5.so</arg>
		<arg name='addr1'>0x7f9718d3a000</arg>
		<arg name='addr2'>0x7f971911403f</arg>
	</msg>
	<!-- Module loaded /lib/x86_64-linux-gnu/libpthread.so.0, address range [0x00007f9718a50000-0x00007f9718c6e47f] -->
	<msg id='6' source='mc'>
		<type>MODULE_LOAD</type>
		<severity>INFO</severity>
		<timestamp>Wed Sep 12 18:19:30 2018</timestamp>
		<arg name='path'>/lib/x86_64-linux-gnu/libpthread.so.0</arg>
		<arg name='addr1'>0x7f9718a50000</arg>
		<arg name='addr2'>0x7f9718c6e47f</arg>
	</msg>
	<!-- Module loaded /opt/intel/compilers_and_libraries_2018.3.222/linux/compiler/lib/intel64_lin/libimf.so, address range [0x00007f97184bd000-0x00007f9718a4fa3f] -->
	<msg id='7' source='mc'>
		<type>MODULE_LOAD</type>
		<severity>INFO</severity>
		<timestamp>Wed Sep 12 18:19:30 2018</timestamp>
		<arg name='path'>/opt/intel/compilers_and_libraries_2018.3.222/linux/compiler/lib/intel64_lin/libimf.so</arg>
		<arg name='addr1'>0x7f97184bd000</arg>
		<arg name='addr2'>0x7f9718a4fa3f</arg>
	</msg>
	<!-- Module loaded /lib/x86_64-linux-gnu/libm.so.6, address range [0x00007f971811f000-0x00007f97184bc157] -->
	<msg id='8' source='mc'>
		<type>MODULE_LOAD</type>
		<severity>INFO</severity>
		<timestamp>Wed Sep 12 18:19:30 2018</timestamp>
		<arg name='path'>/lib/x86_64-linux-gnu/libm.so.6</arg>
		<arg name='addr1'>0x7f971811f000</arg>
		<arg name='addr2'>0x7f97184bc157</arg>
	</msg>
	<!-- Module loaded /lib/x86_64-linux-gnu/libdl.so.2, address range [0x00007f9717f0b000-0x00007f971810e10f], minimal analysis -->
	<msg id='9' source='mc'>
		<type>MODULE_LOAD_NO_ANALYSIS</type>
		<severity>INFO</severity>
		<timestamp>Wed Sep 12 18:19:30 2018</timestamp>
		<arg name='path'>/lib/x86_64-linux-gnu/libdl.so.2</arg>
		<arg name='addr1'>0x7f9717f0b000</arg>
		<arg name='addr2'>0x7f971810e10f</arg>
	</msg>
	<!-- Module loaded /opt/intel/compilers_and_libraries_2018.3.222/linux/compiler/lib/intel64_lin/libifport.so.5, address range [0x00007f9717ccf000-0x00007f9717efad3f] -->
	<msg id='10' source='mc'>
		<type>MODULE_LOAD</type>
		<severity>INFO</severity>
		<timestamp>Wed Sep 12 18:19:30 2018</timestamp>
		<arg name='path'>/opt/intel/compilers_and_libraries_2018.3.222/linux/compiler/lib/intel64_lin/libifport.so.5</arg>
		<arg name='addr1'>0x7f9717ccf000</arg>
		<arg name='addr2'>0x7f9717efad3f</arg>
	</msg>
	<!-- Module loaded /opt/intel/compilers_and_libraries_2018.3.222/linux/compiler/lib/intel64_lin/libifcoremt.so.5, address range [0x00007f971792b000-0x00007f9717cbe3a7] -->
	<msg id='11' source='mc'>
		<type>MODULE_LOAD</type>
		<severity>INFO</severity>
		<timestamp>Wed Sep 12 18:19:30 2018</timestamp>
		<arg name='path'>/opt/intel/compilers_and_libraries_2018.3.222/linux/compiler/lib/intel64_lin/libifcoremt.so.5</arg>
		<arg name='addr1'>0x7f971792b000</arg>
		<arg name='addr2'>0x7f9717cbe3a7</arg>
	</msg>
	<!-- Module loaded /opt/intel/compilers_and_libraries_2018.3.222/linux/compiler/lib/intel64_lin/libsvml.so, address range [0x00007f971600d000-0x00007f971791a23f] -->
	<msg id='12' source='mc'>
		<type>MODULE_LOAD</type>
		<severity>INFO</severity>
		<timestamp>Wed Sep 12 18:19:31 2018</timestamp>
		<arg name='path'>/opt/intel/compilers_and_libraries_2018.3.222/linux/compiler/lib/intel64_lin/libsvml.so</arg>
		<arg name='addr1'>0x7f971600d000</arg>
		<arg name='addr2'>0x7f971791a23f</arg>
	</msg>
	<!-- Module loaded /opt/intel/compilers_and_libraries_2018.3.222/linux/compiler/lib/intel64_lin/libintlc.so.5, address range [0x00007f9715d8f000-0x00007f9715ffcf7f] -->
	<msg id='13' source='mc'>
		<type>MODULE_LOAD</type>
		<severity>INFO</severity>
		<timestamp>Wed Sep 12 18:19:31 2018</timestamp>
		<arg name='path'>/opt/intel/compilers_and_libraries_2018.3.222/linux/compiler/lib/intel64_lin/libintlc.so.5</arg>
		<arg name='addr1'>0x7f9715d8f000</arg>
		<arg name='addr2'>0x7f9715ffcf7f</arg>
	</msg>
	<!-- Module loaded /lib/x86_64-linux-gnu/libc.so.6, address range [0x00007f971598e000-0x00007f9715d7eadf] -->
	<msg id='14' source='mc'>
		<type>MODULE_LOAD</type>
		<severity>INFO</severity>
		<timestamp>Wed Sep 12 18:19:31 2018</timestamp>
		<arg name='path'>/lib/x86_64-linux-gnu/libc.so.6</arg>
		<arg name='addr1'>0x7f971598e000</arg>
		<arg name='addr2'>0x7f9715d7eadf</arg>
	</msg>
	<!-- Module loaded /lib/x86_64-linux-gnu/libgcc_s.so.1, address range [0x00007f9715766000-0x00007f971597d42f] -->
	<msg id='15' source='mc'>
		<type>MODULE_LOAD</type>
		<severity>INFO</severity>
		<timestamp>Wed Sep 12 18:19:31 2018</timestamp>
		<arg name='path'>/lib/x86_64-linux-gnu/libgcc_s.so.1</arg>
		<arg name='addr1'>0x7f9715766000</arg>
		<arg name='addr2'>0x7f971597d42f</arg>
	</msg>
	<msg id='16' source='ccrt'>
		<type>INTERNAL</type>
		<severity>ERROR</severity>
		<timestamp>Wed Sep 12 18:19:31 2018</timestamp>
		<!-- Memorychecker or PIN generated an exception: Exception Code: ACCESS_INVALID_ADDRESS. Exception Address = 0x7f972cb58056. Access Type: UNKNOWN. Access Address = 0x02bc9e720 -->
	</msg>
	<!-- Exception call stack: -->
	<!-- => 0x7f972cb58056: __CcCpuidEx+0x000000016 at libccrt13.so+0x00000e056  -->
	<!-- => 0x7f972cb580ef: __CcGetXsaveAreaMaxSize+0x00000007f at libccrt13.so+0x00000e0ef  -->
	<!-- => 0x7f972d327d4e: _Z7I_TracePN15LEVEL_PINCLIENT11TRACE_CLASSEPv+0x0000011fe at /opt/intel/inspector_2018.3.0.558189/lib64/libmemchkr.so+0x0000ced4e  -->
	<!-- User callstack, ptr = 0x7f972e593060 -->
	<!-- [4]: pc = 0x00007f9718a55fff, sp = 0x00007ffd248ad160, min_sp = 0x00007ffd248ad160, __pthread_initialize_minimal, :0 -->
	<!-- [3]: pc = 0x00007f9718a5567c, sp = 0x00007ffd248ad240, min_sp = 0x00007ffd248ad240, _init, :0 -->
	<!-- [2]: pc = 0x00007f972e3c788b, sp = 0x00007ffd248ad250, min_sp = 0x00007ffd248ad250, _dl_rtld_di_serinfo, :0 -->
	<!-- [1]: pc = 0x00007f972e3b80c5, sp = 0x00007ffd248ad2a0, min_sp = 0x00007ffd248ad2a0, .text, :0 -->
	<!-- End of user callstack -->