Flat profile:

Each sample counts as 0.01 seconds.
  %   cumulative   self              self     total           
 time   seconds   seconds    calls   s/call   s/call  name    
 52.73    591.26   591.26   400000     0.00     0.00  motorunitpoolclass_mp_dvdt_
  9.95    702.86   111.59   100000     0.00     0.00  muscularactivationclass_mp_atualizeactivationsignal_
  6.22    772.60    69.75 640000000     0.00     0.00  compartmentclass_mp_computecurrent_
  5.27    831.73    59.13 320000000     0.00     0.00  synapseclass_mp_computeconductance_
  3.91    875.62    43.89 960000000     0.00     0.00  channelconductanceclass_mp_computecurrent_
  2.83    907.38    31.76                             for_trim
  1.82    927.77    20.39                             for_cpstr
  1.53    944.93    17.16                             __intel_avx_rep_memcpy
  1.32    959.69    14.76 1084073764     0.00     0.00  dynamicalarrays_mp_addtolist_
  1.29    974.14    14.45                             _intel_fast_memcmp
  1.04    985.74    11.61 31357027     0.00     0.00  synapseclass_mp_startconductance_
  1.00    996.92    11.18 80000000     0.00     0.00  axondelayclass_mp_atualizestimulus_
  0.95   1007.57    10.65                             for_alloc_allocatable
  0.92   1017.87    10.30                             for_dealloc_allocatable
  0.91   1028.04    10.17                             for_check_mult_overflow64
  0.71   1035.97     7.93 39784971     0.00     0.00  synapseclass_mp_receivespike_
  0.68   1043.54     7.57 1280000000     0.00     0.00  pulseconductancestateclass_mp_computestatevalue_
  0.61   1050.38     6.85 80000000     0.00     0.00  motorunitclass_mp_getemg_
  0.54   1056.39     6.01 320000000     0.00     0.00  synapseclass_mp_computecurrent_
  0.50   1062.01     5.62                             _intel_fast_memcpy
  0.29   1065.24     3.23 40000000     0.00     0.00  neuraltractunitclass_mp_atualizeneuraltractunit_
  0.28   1068.35     3.11 31356009     0.00     0.00  synapseclass_mp_stopconductance_
  0.27   1071.43     3.08                             _mm_malloc
  0.27   1074.51     3.08 80000000     0.00     0.00  motorunitclass_mp_atualizedelay_
  0.26   1077.37     2.86                             for_cpstr_le
  0.23   1079.95     2.58 80000000     0.00     0.00  motorunitclass_mp_atualizecompartments_
  0.23   1082.51     2.56 39784971     0.00     0.00  queueclass_mp_append_
  0.20   1084.72     2.21                             __libm_exp_l9
  0.19   1086.90     2.19 79564519     0.00     0.00  queueclass_mp_popleft_
  0.19   1089.04     2.14                             _intel_fast_memcpy.a
  0.19   1091.15     2.11    69217     0.00     0.00  configurationclass_mp_parameterset_
  0.19   1093.25     2.10                             __intel_mic_avx512f_memset
  0.19   1095.35     2.10                             for_len_trim
  0.17   1097.27     1.92                             _mm_free
  0.16   1099.08     1.81   100000     0.00     0.01  motorunitpoolclass_mp_atualizemotorunitpool_
  0.14   1100.64     1.56                             for_concat
  0.12   1101.98     1.34                             for_read_seq_fmt_xmit
  0.12   1103.31     1.33 119443120     0.00     0.00  dynamicalarrays_mp_integeraddtolist_
  0.10   1104.38     1.07                             __intel_cpu_features_init_body
  0.09   1105.39     1.01                             _intel_fast_memcpy.P
  0.08   1106.32     0.93                             for__resource_acquire
  0.08   1107.22     0.90 31357027     0.00     0.00  queueclass_mp_extend_
  0.08   1108.09     0.87                             __intel_ssse3_rep_memmove
  0.07   1108.89     0.80                             __intel_avx_rep_memset
  0.07   1109.68     0.79                             for__resource_release
  0.07   1110.45     0.77                             for_read_seq_fmt
  0.05   1111.05     0.61                             for__interp_fmt
  0.05   1111.65     0.60                             __qtof
  0.05   1112.23     0.58                             for__get_s
  0.05   1112.80     0.57                             for_allocate
  0.05   1113.36     0.56                             for__acquire_lun
  0.05   1113.90     0.54   176068     0.00     0.00  pulseconductancestateclass_mp_changestate_
  0.04   1114.35     0.45                             for_deallocate
  0.04   1114.75     0.40                             cvtas_t_to_a
  0.03   1115.11     0.36        1     0.36     0.72  synapsesfactorymodule_mp_synapsefactory_
  0.03   1115.46     0.35 40000000     0.00     0.00  pointprocessgeneratorclass_mp_atualizegenerator_
  0.03   1115.81     0.35   166247     0.00     0.00  neuraltractunitclass_mp_transmitspikes_
  0.03   1116.12     0.31   100000     0.00     0.00  motorunitpoolclass_mp_getmotorunitpoolinstantemg_
  0.03   1116.41     0.29                             for__release_lun
  0.02   1116.69     0.28                             for_realloc_lhs
  0.02   1116.94     0.25                             __svml_exp2_l9
  0.02   1117.18     0.24                             for__cvt_value
  0.02   1117.41     0.23      800     0.00     0.00  motorunitclass_mp_init_motorunit_
  0.02   1117.63     0.22                             _intel_fast_memmove
  0.02   1117.85     0.22 80000000     0.00     0.00  motorunitclass_mp_atualizemotorunit_
  0.02   1118.07     0.22                             for_cpystr
  0.02   1118.28     0.21                             for__desc_ret_item
  0.02   1118.47     0.19                             dynamicalarrays._
  0.02   1118.64     0.17                             for__get_vm
  0.01   1118.80     0.16                             _intel_fast_memset
  0.01   1118.96     0.16                             for_check_mult_overflow
  0.01   1119.09     0.13                             _intel_fast_memmove.P
  0.01   1119.22     0.13                             for__free_vm
  0.01   1119.34     0.12   100000     0.00     0.00  neuraltractclass_mp_atualizepool_
  0.01   1119.44     0.10   100000     0.00     0.00  musclenohillclass_mp_atualizeforce_
  0.01   1119.53     0.09                             __intel_ssse3_memmove
  0.01   1119.62     0.09                             cvtas__nan_x
  0.01   1119.71     0.09                             compartmentclass._
  0.01   1119.79     0.08 22969195     0.00     0.00  synapsepointerclass_mp_assignsynapse_
  0.01   1119.87     0.08                             _intel_fast_memset.a
  0.01   1119.95     0.08   100525     0.00     0.00  characterarrayclass_mp_addtolist_
  0.01   1120.02     0.07                             channelconductanceclass._
  0.01   1120.08     0.06                             ri_get_field
  0.01   1120.14     0.06                             cvt_ieee_t_to_text_ex
  0.00   1120.19     0.05                             for__format_value
  0.00   1120.24     0.05                             for_write_seq_lis_xmit
  0.00   1120.28     0.05                             for_index_ssll
  0.00   1120.32     0.04   166247     0.00     0.00  pointprocessgeneratorclass_mp_newthreshold_
  0.00   1120.36     0.04                             __libm_matherrl_ex
  0.00   1120.40     0.04                             find_min_lun
  0.00   1120.44     0.04                             for__open_proc
  0.00   1120.48     0.04                             for_read_int_lis_xmit
  0.00   1120.52     0.04                             queueclass._
  0.00   1120.55     0.04                             synapseclass._
  0.00   1120.58     0.03                             exp
  0.00   1120.61     0.03                             __libm_log_l9
  0.00   1120.64     0.03                             for__io_return
  0.00   1120.67     0.03                             for__write_output
  0.00   1120.70     0.03                             process_existing_lub
  0.00   1120.72     0.02        5     0.00     0.00  ogpf_mp_write_xydata_
  0.00   1120.74     0.02                             __svml_exp2
  0.00   1120.76     0.02                             _intel_fast_memmove.M
  0.00   1120.78     0.02                             copy_src_xdesc_to_dest_xdesc
  0.00   1120.80     0.02                             enter_cr_and_find_lub
  0.00   1120.82     0.02                             for__acquire_semaphore_threaded
  0.00   1120.84     0.02                             for__characterize_LUB_buffer
  0.00   1120.86     0.02                             for__clear_signal_ops_during_vm
  0.00   1120.88     0.02                             for_check_env_name
  0.00   1120.90     0.02                             for_open
  0.00   1120.92     0.02                             for_simd_random_number
  0.00   1120.94     0.02                             for_string_search
  0.00   1120.96     0.02                             motorunitclass._
  0.00   1120.98     0.02                             axondelayclass_mp_addantidromicspike_
  0.00   1120.99     0.01    95725     0.00     0.00  synapseclass_mp_addconductance_
  0.00   1121.00     0.01    22011     0.00     0.00  motorunitclass_mp_addcompartmentspike_
  0.00   1121.01     0.01        1     0.01   967.23  MAIN__
  0.00   1121.02     0.01                             __intel_sse2_strcpy
  0.00   1121.03     0.01                             _intel_fast_memset.J
  0.00   1121.04     0.01                             cvtas_a_to_t
  0.00   1121.05     0.01                             do_alloc_copy
  0.00   1121.06     0.01                             do_deallocate_all
  0.00   1121.07     0.01                             for__access_threadstor_threads
  0.00   1121.08     0.01                             for__acquire_threadstor_threads
  0.00   1121.09     0.01                             for__aio_acquire_lun
  0.00   1121.10     0.01                             for__calc_num_elts
  0.00   1121.11     0.01                             for__close_default
  0.00   1121.12     0.01                             for__close_proc
  0.00   1121.13     0.01                             for__compute_filename
  0.00   1121.14     0.01                             for__enable_asynch_deliv_private
  0.00   1121.15     0.01                             for__flush_readahead
  0.00   1121.16     0.01                             for__key_desc_ret_item
  0.00   1121.17     0.01                             for__read_input
  0.00   1121.18     0.01                             for_alloc_assign_v2
  0.00   1121.19     0.01                             for_write_int_fmt_xmit
  0.00   1121.20     0.01                             neuraltractunitclass._
  0.00   1121.21     0.01                             spec_dexp2
  0.00   1121.22     0.01                             synapseclass_mp_reset_
  0.00   1121.22     0.00    95725     0.00     0.00  synapsepointerclass_mp_init_synapsepointer_
  0.00   1121.22     0.00    22011     0.00     0.00  axondelayclass_mp_addspinalspike_
  0.00   1121.22     0.00    21977     0.00     0.00  axondelayclass_mp_addterminalspike_
  0.00   1121.22     0.00     6400     0.00     0.00  queueclass_mp_init_queue_
  0.00   1121.22     0.00     4400     0.00     0.00  characterarrayclass_mp_init_characterarray_
  0.00   1121.22     0.00     3200     0.00     0.00  pulseconductancestateclass_mp_init_pulseconductancestate_
  0.00   1121.22     0.00     3200     0.00     0.00  synapseclass_mp_init_synapse_
  0.00   1121.22     0.00     2400     0.00     0.00  channelconductanceclass_mp_init_channelconductance_
  0.00   1121.22     0.00     1600     0.00     0.00  compartmentclass_mp_init_compartment_
  0.00   1121.22     0.00     1200     0.00     0.00  charactermatrixclass_mp_append_
  0.00   1121.22     0.00      800     0.00     0.00  axondelayclass_mp_init_axondelay_
  0.00   1121.22     0.00      800     0.00     0.00  charactermatrixclass_mp_init_charactermatrix_
  0.00   1121.22     0.00      400     0.00     0.00  configurationclass_mp_determinesynapses_
  0.00   1121.22     0.00      400     0.00     0.00  neuraltractunitclass_mp_init_neuraltractunit_
  0.00   1121.22     0.00      400     0.00     0.00  pointprocessgeneratorclass_mp_init_pointprocessgenerator_
  0.00   1121.22     0.00       30     0.00     0.00  ogpf_mp_write_label_
  0.00   1121.22     0.00       15     0.00     0.00  ogpf_mp_set_label_
  0.00   1121.22     0.00        5     0.00     0.00  ogpf_mp_create_outputfile_
  0.00   1121.22     0.00        5     0.00     0.00  ogpf_mp_plot2d_vector_vs_vector_
  0.00   1121.22     0.00        5     0.00     0.00  ogpf_mp_preset_gnuplot_config_
  0.00   1121.22     0.00        5     0.00     0.00  ogpf_mp_process_linespec_
  0.00   1121.22     0.00        5     0.00     0.00  ogpf_mp_processcmd_
  0.00   1121.22     0.00        5     0.00     0.00  ogpf_mp_set_plottitle_
  0.00   1121.22     0.00        5     0.00     0.00  ogpf_mp_set_xlabel_
  0.00   1121.22     0.00        5     0.00     0.00  ogpf_mp_set_ylabel_
  0.00   1121.22     0.00        2     0.00     0.00  configurationclass_mp_init_configuration_
  0.00   1121.22     0.00        1     0.00    21.90  motorunitpoolclass_mp_getmotorunitpoolemg_
  0.00   1121.22     0.00        1     0.00     2.16  motorunitpoolclass_mp_init_motorunitpool_
  0.00   1121.22     0.00        1     0.00     0.00  motorunitpoolclass_mp_listspikes_
  0.00   1121.22     0.00        1     0.00     0.00  musclenohillclass_mp_init_musclenohill_
  0.00   1121.22     0.00        1     0.00     0.00  muscularactivationclass_mp_init_muscularactivation_
  0.00   1121.22     0.00        1     0.00     0.00  neuraltractclass_mp_init_neuraltract_
  0.00   1121.22     0.00        1     0.00     0.00  neuraltractclass_mp_listspikes_
  0.00   1121.22     0.00        1     0.00     0.00  randomseedinitialize_mp_init_random_seed_

 %         the percentage of the total running time of the
time       program used by this function.

cumulative a running sum of the number of seconds accounted
 seconds   for by this function and those listed above it.

 self      the number of seconds accounted for by this
seconds    function alone.  This is the major sort for this
           listing.

calls      the number of times this function was invoked, if
           this function is profiled, else blank.

 self      the average number of milliseconds spent in this
ms/call    function per call, if this function is profiled,
	   else blank.

 total     the average number of milliseconds spent in this
ms/call    function and its descendents per call, if this
	   function is profiled, else blank.

name       the name of the function.  This is the minor sort
           for this listing. The index shows the location of
	   the function in the gprof listing. If the index is
	   in parenthesis it shows where it would appear in
	   the gprof listing if it were to be printed.

Copyright (C) 2012-2015 Free Software Foundation, Inc.

Copying and distribution of this file, with or without modification,
are permitted in any medium without royalty provided the copyright
notice and this notice are preserved.

		     Call graph (explanation follows)


granularity: each sample hit covers 2 byte(s) for 0.00% of 1121.22 seconds

index % time    self  children    called     name
                0.01  967.22       1/1           main [2]
[1]     86.3    0.01  967.22       1         MAIN__ [1]
                1.81  926.03  100000/100000      motorunitpoolclass_mp_atualizemotorunitpool_ [3]
                0.00   21.90       1/1           motorunitpoolclass_mp_getmotorunitpoolemg_ [12]
                0.12   14.46  100000/100000      neuraltractclass_mp_atualizepool_ [17]
                0.00    2.16       1/1           motorunitpoolclass_mp_init_motorunitpool_ [38]
                0.36    0.36       1/1           synapsesfactorymodule_mp_synapsefactory_ [57]
                0.00    0.02       5/5           ogpf_mp_plot2d_vector_vs_vector_ [111]
                0.00    0.00       1/1           neuraltractclass_mp_init_neuraltract_ [151]
                0.00    0.00       5/5           ogpf_mp_set_plottitle_ [166]
                0.00    0.00       5/5           ogpf_mp_set_xlabel_ [167]
                0.00    0.00       5/5           ogpf_mp_set_ylabel_ [168]
                0.00    0.00       2/2           configurationclass_mp_init_configuration_ [169]
                0.00    0.00       1/1           randomseedinitialize_mp_init_random_seed_ [172]
                0.00    0.00       1/1           neuraltractclass_mp_listspikes_ [171]
                0.00    0.00       1/1           motorunitpoolclass_mp_listspikes_ [170]
-----------------------------------------------
                                                 <spontaneous>
[2]     86.3    0.00  967.23                 main [2]
                0.01  967.22       1/1           MAIN__ [1]
-----------------------------------------------
                1.81  926.03  100000/100000      MAIN__ [1]
[3]     82.8    1.81  926.03  100000         motorunitpoolclass_mp_atualizemotorunitpool_ [3]
              591.26  205.74  400000/400000      motorunitpoolclass_mp_dvdt_ [4]
              111.59    0.00  100000/100000      muscularactivationclass_mp_atualizeactivationsignal_ [6]
                3.08   11.18 80000000/80000000     motorunitclass_mp_atualizedelay_ [20]
                0.22    2.86 80000000/80000000     motorunitclass_mp_atualizemotorunit_ [31]
                0.10    0.00  100000/100000      musclenohillclass_mp_atualizeforce_ [84]
-----------------------------------------------
              591.26  205.74  400000/400000      motorunitpoolclass_mp_atualizemotorunitpool_ [3]
[4]     71.1  591.26  205.74  400000         motorunitpoolclass_mp_dvdt_ [4]
               69.75  135.99 640000000/640000000     compartmentclass_mp_computecurrent_ [5]
-----------------------------------------------
               69.75  135.99 640000000/640000000     motorunitpoolclass_mp_dvdt_ [4]
[5]     18.3   69.75  135.99 640000000         compartmentclass_mp_computecurrent_ [5]
                6.01   78.25 320000000/320000000     synapseclass_mp_computecurrent_ [7]
               43.89    7.84 960000000/960000000     channelconductanceclass_mp_computecurrent_ [9]
-----------------------------------------------
              111.59    0.00  100000/100000      motorunitpoolclass_mp_atualizemotorunitpool_ [3]
[6]     10.0  111.59    0.00  100000         muscularactivationclass_mp_atualizeactivationsignal_ [6]
-----------------------------------------------
                6.01   78.25 320000000/320000000     compartmentclass_mp_computecurrent_ [5]
[7]      7.5    6.01   78.25 320000000         synapseclass_mp_computecurrent_ [7]
               59.13   19.12 320000000/320000000     synapseclass_mp_computeconductance_ [8]
-----------------------------------------------
               59.13   19.12 320000000/320000000     synapseclass_mp_computecurrent_ [7]
[8]      7.0   59.13   19.12 320000000         synapseclass_mp_computeconductance_ [8]
               11.61    1.34 31357027/31357027     synapseclass_mp_startconductance_ [21]
                3.11    0.00 31356009/31356009     synapseclass_mp_stopconductance_ [30]
                2.19    0.00 79564519/79564519     queueclass_mp_popleft_ [37]
                0.88    0.00 79564519/119443120     dynamicalarrays_mp_integeraddtolist_ [47]
-----------------------------------------------
               43.89    7.84 960000000/960000000     compartmentclass_mp_computecurrent_ [5]
[9]      4.6   43.89    7.84 960000000         channelconductanceclass_mp_computecurrent_ [9]
                7.57    0.27 1280000000/1280000000     pulseconductancestateclass_mp_computestatevalue_ [28]
-----------------------------------------------
                                                 <spontaneous>
[10]     2.8   31.76    0.00                 for_trim [10]
-----------------------------------------------
                0.31   21.59  100000/100000      motorunitpoolclass_mp_getmotorunitpoolemg_ [12]
[11]     2.0    0.31   21.59  100000         motorunitpoolclass_mp_getmotorunitpoolinstantemg_ [11]
                6.85   14.75 80000000/80000000     motorunitclass_mp_getemg_ [13]
-----------------------------------------------
                0.00   21.90       1/1           MAIN__ [1]
[12]     2.0    0.00   21.90       1         motorunitpoolclass_mp_getmotorunitpoolemg_ [12]
                0.31   21.59  100000/100000      motorunitpoolclass_mp_getmotorunitpoolinstantemg_ [11]
-----------------------------------------------
                6.85   14.75 80000000/80000000     motorunitpoolclass_mp_getmotorunitpoolinstantemg_ [11]
[13]     1.9    6.85   14.75 80000000         motorunitclass_mp_getemg_ [13]
               14.75    0.00 1083436625/1084073764     dynamicalarrays_mp_addtolist_ [16]
-----------------------------------------------
                                                 <spontaneous>
[14]     1.8   20.39    0.00                 for_cpstr [14]
-----------------------------------------------
                                                 <spontaneous>
[15]     1.5   17.16    0.00                 __intel_avx_rep_memcpy [15]
-----------------------------------------------
                0.00    0.00   21959/1084073764     motorunitclass_mp_atualizedelay_ [20]
                0.00    0.00   22011/1084073764     axondelayclass_mp_addspinalspike_ [149]
                0.00    0.00   44022/1084073764     motorunitclass_mp_addcompartmentspike_ [71]
                0.00    0.00  166247/1084073764     pointprocessgeneratorclass_mp_atualizegenerator_ [68]
                0.01    0.00  382900/1084073764     synapseclass_mp_addconductance_ [86]
               14.75    0.00 1083436625/1084073764     motorunitclass_mp_getemg_ [13]
[16]     1.3   14.76    0.00 1084073764         dynamicalarrays_mp_addtolist_ [16]
-----------------------------------------------
                0.12   14.46  100000/100000      MAIN__ [1]
[17]     1.3    0.12   14.46  100000         neuraltractclass_mp_atualizepool_ [17]
                3.23   11.23 40000000/40000000     neuraltractunitclass_mp_atualizeneuraltractunit_ [18]
-----------------------------------------------
                3.23   11.23 40000000/40000000     neuraltractclass_mp_atualizepool_ [17]
[18]     1.3    3.23   11.23 40000000         neuraltractunitclass_mp_atualizeneuraltractunit_ [18]
                0.35   10.49  166247/166247      neuraltractunitclass_mp_transmitspikes_ [23]
                0.35    0.04 40000000/40000000     pointprocessgeneratorclass_mp_atualizegenerator_ [68]
-----------------------------------------------
                                                 <spontaneous>
[19]     1.3   14.45    0.00                 _intel_fast_memcmp [19]
-----------------------------------------------
                3.08   11.18 80000000/80000000     motorunitpoolclass_mp_atualizemotorunitpool_ [3]
[20]     1.3    3.08   11.18 80000000         motorunitclass_mp_atualizedelay_ [20]
               11.18    0.00 80000000/80000000     axondelayclass_mp_atualizestimulus_ [22]
                0.00    0.00   21959/1084073764     dynamicalarrays_mp_addtolist_ [16]
-----------------------------------------------
               11.61    1.34 31357027/31357027     synapseclass_mp_computeconductance_ [8]
[21]     1.2   11.61    1.34 31357027         synapseclass_mp_startconductance_ [21]
                0.90    0.00 31357027/31357027     queueclass_mp_extend_ [52]
                0.44    0.00 39782876/119443120     dynamicalarrays_mp_integeraddtolist_ [47]
-----------------------------------------------
               11.18    0.00 80000000/80000000     motorunitclass_mp_atualizedelay_ [20]
[22]     1.0   11.18    0.00 80000000         axondelayclass_mp_atualizestimulus_ [22]
                0.00    0.00   21977/21977       axondelayclass_mp_addterminalspike_ [153]
-----------------------------------------------
                0.35   10.49  166247/166247      neuraltractunitclass_mp_atualizeneuraltractunit_ [18]
[23]     1.0    0.35   10.49  166247         neuraltractunitclass_mp_transmitspikes_ [23]
                7.93    2.56 39784971/39784971     synapseclass_mp_receivespike_ [25]
-----------------------------------------------
                                                 <spontaneous>
[24]     0.9   10.65    0.00                 for_alloc_allocatable [24]
-----------------------------------------------
                7.93    2.56 39784971/39784971     neuraltractunitclass_mp_transmitspikes_ [23]
[25]     0.9    7.93    2.56 39784971         synapseclass_mp_receivespike_ [25]
                2.56    0.00 39784971/39784971     queueclass_mp_append_ [35]
-----------------------------------------------
                                                 <spontaneous>
[26]     0.9   10.30    0.00                 for_dealloc_allocatable [26]
-----------------------------------------------
                                                 <spontaneous>
[27]     0.9   10.17    0.00                 for_check_mult_overflow64 [27]
-----------------------------------------------
                7.57    0.27 1280000000/1280000000     channelconductanceclass_mp_computecurrent_ [9]
[28]     0.7    7.57    0.27 1280000000         pulseconductancestateclass_mp_computestatevalue_ [28]
                0.27    0.00   88024/176068      pulseconductancestateclass_mp_changestate_ [63]
-----------------------------------------------
                                                 <spontaneous>
[29]     0.5    5.62    0.00                 _intel_fast_memcpy [29]
-----------------------------------------------
                3.11    0.00 31356009/31356009     synapseclass_mp_computeconductance_ [8]
[30]     0.3    3.11    0.00 31356009         synapseclass_mp_stopconductance_ [30]
-----------------------------------------------
                0.22    2.86 80000000/80000000     motorunitpoolclass_mp_atualizemotorunitpool_ [3]
[31]     0.3    0.22    2.86 80000000         motorunitclass_mp_atualizemotorunit_ [31]
                2.58    0.28 80000000/80000000     motorunitclass_mp_atualizecompartments_ [33]
-----------------------------------------------
                                                 <spontaneous>
[32]     0.3    3.08    0.00                 _mm_malloc [32]
-----------------------------------------------
                2.58    0.28 80000000/80000000     motorunitclass_mp_atualizemotorunit_ [31]
[33]     0.3    2.58    0.28 80000000         motorunitclass_mp_atualizecompartments_ [33]
                0.01    0.27   22011/22011       motorunitclass_mp_addcompartmentspike_ [71]
-----------------------------------------------
                                                 <spontaneous>
[34]     0.3    2.86    0.00                 for_cpstr_le [34]
-----------------------------------------------
                2.56    0.00 39784971/39784971     synapseclass_mp_receivespike_ [25]
[35]     0.2    2.56    0.00 39784971         queueclass_mp_append_ [35]
-----------------------------------------------
                                                 <spontaneous>
[36]     0.2    2.21    0.00                 __libm_exp_l9 [36]
-----------------------------------------------
                2.19    0.00 79564519/79564519     synapseclass_mp_computeconductance_ [8]
[37]     0.2    2.19    0.00 79564519         queueclass_mp_popleft_ [37]
-----------------------------------------------
                0.00    2.16       1/1           MAIN__ [1]
[38]     0.2    0.00    2.16       1         motorunitpoolclass_mp_init_motorunitpool_ [38]
                0.23    1.93     800/800         motorunitclass_mp_init_motorunit_ [39]
                0.00    0.00       1/1           musclenohillclass_mp_init_musclenohill_ [148]
                0.00    0.00       5/69217       configurationclass_mp_parameterset_ [41]
                0.00    0.00       1/1           muscularactivationclass_mp_init_muscularactivation_ [150]
-----------------------------------------------
                0.23    1.93     800/800         motorunitpoolclass_mp_init_motorunitpool_ [38]
[39]     0.2    0.23    1.93     800         motorunitclass_mp_init_motorunit_ [39]
                0.00    1.29    1600/1600        compartmentclass_mp_init_compartment_ [48]
                0.54    0.00   17600/69217       configurationclass_mp_parameterset_ [41]
                0.00    0.10     800/800         axondelayclass_mp_init_axondelay_ [85]
-----------------------------------------------
                                                 <spontaneous>
[40]     0.2    2.14    0.00                 _intel_fast_memcpy.a [40]
-----------------------------------------------
                0.00    0.00       1/69217       neuraltractclass_mp_init_neuraltract_ [151]
                0.00    0.00       1/69217       muscularactivationclass_mp_init_muscularactivation_ [150]
                0.00    0.00       5/69217       motorunitpoolclass_mp_init_motorunitpool_ [38]
                0.00    0.00      10/69217       musclenohillclass_mp_init_musclenohill_ [148]
                0.10    0.00    3200/69217       axondelayclass_mp_init_axondelay_ [85]
                0.18    0.00    6000/69217       synapsesfactorymodule_mp_synapsefactory_ [57]
                0.22    0.00    7200/69217       channelconductanceclass_mp_init_channelconductance_ [64]
                0.29    0.00    9600/69217       compartmentclass_mp_init_compartment_ [48]
                0.29    0.00    9600/69217       pulseconductancestateclass_mp_init_pulseconductancestate_ [69]
                0.49    0.00   16000/69217       synapseclass_mp_init_synapse_ [65]
                0.54    0.00   17600/69217       motorunitclass_mp_init_motorunit_ [39]
[41]     0.2    2.11    0.00   69217         configurationclass_mp_parameterset_ [41]
-----------------------------------------------
                                                 <spontaneous>
[42]     0.2    2.10    0.00                 for_len_trim [42]
-----------------------------------------------
                                                 <spontaneous>
[43]     0.2    2.10    0.00                 __intel_mic_avx512f_memset [43]
-----------------------------------------------
                                                 <spontaneous>
[44]     0.2    1.92    0.00                 _mm_free [44]
-----------------------------------------------
                                                 <spontaneous>
[45]     0.1    1.56    0.00                 for_concat [45]
-----------------------------------------------
                                                 <spontaneous>
[46]     0.1    1.34    0.00                 for_read_seq_fmt_xmit [46]
-----------------------------------------------
                0.00    0.00   95725/119443120     synapsesfactorymodule_mp_synapsefactory_ [57]
                0.44    0.00 39782876/119443120     synapseclass_mp_startconductance_ [21]
                0.88    0.00 79564519/119443120     synapseclass_mp_computeconductance_ [8]
[47]     0.1    1.33    0.00 119443120         dynamicalarrays_mp_integeraddtolist_ [47]
-----------------------------------------------
                0.00    1.29    1600/1600        motorunitclass_mp_init_motorunit_ [39]
[48]     0.1    0.00    1.29    1600         compartmentclass_mp_init_compartment_ [48]
                0.00    0.51    2400/2400        channelconductanceclass_mp_init_channelconductance_ [64]
                0.00    0.49    3200/3200        synapseclass_mp_init_synapse_ [65]
                0.29    0.00    9600/69217       configurationclass_mp_parameterset_ [41]
-----------------------------------------------
                                                 <spontaneous>
[49]     0.1    1.07    0.00                 __intel_cpu_features_init_body [49]
-----------------------------------------------
                                                 <spontaneous>
[50]     0.1    1.01    0.00                 _intel_fast_memcpy.P [50]
-----------------------------------------------
                                                 <spontaneous>
[51]     0.1    0.93    0.00                 for__resource_acquire [51]
-----------------------------------------------
                0.90    0.00 31357027/31357027     synapseclass_mp_startconductance_ [21]
[52]     0.1    0.90    0.00 31357027         queueclass_mp_extend_ [52]
-----------------------------------------------
                                                 <spontaneous>
[53]     0.1    0.87    0.00                 __intel_ssse3_rep_memmove [53]
-----------------------------------------------
                                                 <spontaneous>
[54]     0.1    0.80    0.00                 __intel_avx_rep_memset [54]
-----------------------------------------------
                                                 <spontaneous>
[55]     0.1    0.79    0.00                 for__resource_release [55]
-----------------------------------------------
                                                 <spontaneous>
[56]     0.1    0.77    0.00                 for_read_seq_fmt [56]
-----------------------------------------------
                0.36    0.36       1/1           MAIN__ [1]
[57]     0.1    0.36    0.36       1         synapsesfactorymodule_mp_synapsefactory_ [57]
                0.18    0.00    6000/69217       configurationclass_mp_parameterset_ [41]
                0.01    0.08   95725/95725       synapseclass_mp_addconductance_ [86]
                0.08    0.00 22969195/22969195     synapsepointerclass_mp_assignsynapse_ [90]
                0.00    0.00     400/400         configurationclass_mp_determinesynapses_ [147]
                0.00    0.00   95725/119443120     dynamicalarrays_mp_integeraddtolist_ [47]
                0.00    0.00   95725/95725       synapsepointerclass_mp_init_synapsepointer_ [152]
-----------------------------------------------
                                                 <spontaneous>
[58]     0.1    0.61    0.00                 for__interp_fmt [58]
-----------------------------------------------
                                                 <spontaneous>
[59]     0.1    0.60    0.00                 __qtof [59]
-----------------------------------------------
                                                 <spontaneous>
[60]     0.1    0.58    0.00                 for__get_s [60]
-----------------------------------------------
                                                 <spontaneous>
[61]     0.1    0.57    0.00                 for_allocate [61]
-----------------------------------------------
                                                 <spontaneous>
[62]     0.0    0.56    0.00                 for__acquire_lun [62]
-----------------------------------------------
                0.27    0.00   88024/176068      pulseconductancestateclass_mp_computestatevalue_ [28]
                0.27    0.00   88044/176068      motorunitclass_mp_addcompartmentspike_ [71]
[63]     0.0    0.54    0.00  176068         pulseconductancestateclass_mp_changestate_ [63]
-----------------------------------------------
                0.00    0.51    2400/2400        compartmentclass_mp_init_compartment_ [48]
[64]     0.0    0.00    0.51    2400         channelconductanceclass_mp_init_channelconductance_ [64]
                0.00    0.29    3200/3200        pulseconductancestateclass_mp_init_pulseconductancestate_ [69]
                0.22    0.00    7200/69217       configurationclass_mp_parameterset_ [41]
-----------------------------------------------
                0.00    0.49    3200/3200        compartmentclass_mp_init_compartment_ [48]
[65]     0.0    0.00    0.49    3200         synapseclass_mp_init_synapse_ [65]
                0.49    0.00   16000/69217       configurationclass_mp_parameterset_ [41]
                0.00    0.00    6400/6400        queueclass_mp_init_queue_ [154]
                0.00    0.00    3200/4400        characterarrayclass_mp_init_characterarray_ [155]
-----------------------------------------------
                                                 <spontaneous>
[66]     0.0    0.45    0.00                 for_deallocate [66]
-----------------------------------------------
                                                 <spontaneous>
[67]     0.0    0.40    0.00                 cvtas_t_to_a [67]
-----------------------------------------------
                0.35    0.04 40000000/40000000     neuraltractunitclass_mp_atualizeneuraltractunit_ [18]
[68]     0.0    0.35    0.04 40000000         pointprocessgeneratorclass_mp_atualizegenerator_ [68]
                0.04    0.00  166247/166247      pointprocessgeneratorclass_mp_newthreshold_ [99]
                0.00    0.00  166247/1084073764     dynamicalarrays_mp_addtolist_ [16]
-----------------------------------------------
                0.00    0.29    3200/3200        channelconductanceclass_mp_init_channelconductance_ [64]
[69]     0.0    0.00    0.29    3200         pulseconductancestateclass_mp_init_pulseconductancestate_ [69]
                0.29    0.00    9600/69217       configurationclass_mp_parameterset_ [41]
-----------------------------------------------
                                                 <spontaneous>
[70]     0.0    0.29    0.00                 for__release_lun [70]
-----------------------------------------------
                0.01    0.27   22011/22011       motorunitclass_mp_atualizecompartments_ [33]
[71]     0.0    0.01    0.27   22011         motorunitclass_mp_addcompartmentspike_ [71]
                0.27    0.00   88044/176068      pulseconductancestateclass_mp_changestate_ [63]
                0.00    0.00   44022/1084073764     dynamicalarrays_mp_addtolist_ [16]
                0.00    0.00   22011/22011       axondelayclass_mp_addspinalspike_ [149]
-----------------------------------------------
                                                 <spontaneous>
[72]     0.0    0.28    0.00                 for_realloc_lhs [72]
-----------------------------------------------
                                                 <spontaneous>
[73]     0.0    0.25    0.00                 __svml_exp2_l9 [73]
-----------------------------------------------
                                                 <spontaneous>
[74]     0.0    0.24    0.00                 for__cvt_value [74]
-----------------------------------------------
                                                 <spontaneous>
[75]     0.0    0.22    0.00                 _intel_fast_memmove [75]
-----------------------------------------------
                                                 <spontaneous>
[76]     0.0    0.22    0.00                 for_cpystr [76]
-----------------------------------------------
                                                 <spontaneous>
[77]     0.0    0.21    0.00                 for__desc_ret_item [77]
-----------------------------------------------
                                                 <spontaneous>
[78]     0.0    0.19    0.00                 dynamicalarrays._ [78]
-----------------------------------------------
                                                 <spontaneous>
[79]     0.0    0.17    0.00                 for__get_vm [79]
-----------------------------------------------
                                                 <spontaneous>
[80]     0.0    0.16    0.00                 for_check_mult_overflow [80]
-----------------------------------------------
                                                 <spontaneous>
[81]     0.0    0.16    0.00                 _intel_fast_memset [81]
-----------------------------------------------
                                                 <spontaneous>
[82]     0.0    0.13    0.00                 _intel_fast_memmove.P [82]
-----------------------------------------------
                                                 <spontaneous>
[83]     0.0    0.13    0.00                 for__free_vm [83]
-----------------------------------------------
                0.10    0.00  100000/100000      motorunitpoolclass_mp_atualizemotorunitpool_ [3]
[84]     0.0    0.10    0.00  100000         musclenohillclass_mp_atualizeforce_ [84]
-----------------------------------------------
                0.00    0.10     800/800         motorunitclass_mp_init_motorunit_ [39]
[85]     0.0    0.00    0.10     800         axondelayclass_mp_init_axondelay_ [85]
                0.10    0.00    3200/69217       configurationclass_mp_parameterset_ [41]
-----------------------------------------------
                0.01    0.08   95725/95725       synapsesfactorymodule_mp_synapsefactory_ [57]
[86]     0.0    0.01    0.08   95725         synapseclass_mp_addconductance_ [86]
                0.08    0.00   95725/100525      characterarrayclass_mp_addtolist_ [92]
                0.01    0.00  382900/1084073764     dynamicalarrays_mp_addtolist_ [16]
-----------------------------------------------
                                                 <spontaneous>
[87]     0.0    0.09    0.00                 cvtas__nan_x [87]
-----------------------------------------------
                                                 <spontaneous>
[88]     0.0    0.09    0.00                 __intel_ssse3_memmove [88]
-----------------------------------------------
                                                 <spontaneous>
[89]     0.0    0.09    0.00                 compartmentclass._ [89]
-----------------------------------------------
                0.08    0.00 22969195/22969195     synapsesfactorymodule_mp_synapsefactory_ [57]
[90]     0.0    0.08    0.00 22969195         synapsepointerclass_mp_assignsynapse_ [90]
-----------------------------------------------
                                                 <spontaneous>
[91]     0.0    0.08    0.00                 _intel_fast_memset.a [91]
-----------------------------------------------
                0.00    0.00    4800/100525      configurationclass_mp_determinesynapses_ [147]
                0.08    0.00   95725/100525      synapseclass_mp_addconductance_ [86]
[92]     0.0    0.08    0.00  100525         characterarrayclass_mp_addtolist_ [92]
-----------------------------------------------
                                                 <spontaneous>
[93]     0.0    0.07    0.00                 channelconductanceclass._ [93]
-----------------------------------------------
                                                 <spontaneous>
[94]     0.0    0.06    0.00                 ri_get_field [94]
-----------------------------------------------
                                                 <spontaneous>
[95]     0.0    0.06    0.00                 cvt_ieee_t_to_text_ex [95]
-----------------------------------------------
                                                 <spontaneous>
[96]     0.0    0.05    0.00                 for__format_value [96]
-----------------------------------------------
                                                 <spontaneous>
[97]     0.0    0.05    0.00                 for_write_seq_lis_xmit [97]
-----------------------------------------------
                                                 <spontaneous>
[98]     0.0    0.05    0.00                 for_index_ssll [98]
-----------------------------------------------
                0.04    0.00  166247/166247      pointprocessgeneratorclass_mp_atualizegenerator_ [68]
[99]     0.0    0.04    0.00  166247         pointprocessgeneratorclass_mp_newthreshold_ [99]
-----------------------------------------------
                                                 <spontaneous>
[100]    0.0    0.04    0.00                 find_min_lun [100]
-----------------------------------------------
                                                 <spontaneous>
[101]    0.0    0.04    0.00                 for__open_proc [101]
-----------------------------------------------
                                                 <spontaneous>
[102]    0.0    0.04    0.00                 for_read_int_lis_xmit [102]
-----------------------------------------------
                                                 <spontaneous>
[103]    0.0    0.04    0.00                 __libm_matherrl_ex [103]
-----------------------------------------------
                                                 <spontaneous>
[104]    0.0    0.04    0.00                 queueclass._ [104]
-----------------------------------------------
                                                 <spontaneous>
[105]    0.0    0.04    0.00                 synapseclass._ [105]
-----------------------------------------------
                                                 <spontaneous>
[106]    0.0    0.03    0.00                 exp [106]
-----------------------------------------------
                                                 <spontaneous>
[107]    0.0    0.03    0.00                 for__io_return [107]
-----------------------------------------------
                                                 <spontaneous>
[108]    0.0    0.03    0.00                 for__write_output [108]
-----------------------------------------------
                                                 <spontaneous>
[109]    0.0    0.03    0.00                 process_existing_lub [109]
-----------------------------------------------
                                                 <spontaneous>
[110]    0.0    0.03    0.00                 __libm_log_l9 [110]
-----------------------------------------------
                0.00    0.02       5/5           MAIN__ [1]
[111]    0.0    0.00    0.02       5         ogpf_mp_plot2d_vector_vs_vector_ [111]
                0.02    0.00       5/5           ogpf_mp_write_xydata_ [112]
                0.00    0.00       5/5           ogpf_mp_process_linespec_ [164]
                0.00    0.00       5/5           ogpf_mp_create_outputfile_ [162]
                0.00    0.00       5/5           ogpf_mp_processcmd_ [165]
-----------------------------------------------
                0.02    0.00       5/5           ogpf_mp_plot2d_vector_vs_vector_ [111]
[112]    0.0    0.02    0.00       5         ogpf_mp_write_xydata_ [112]
-----------------------------------------------
                                                 <spontaneous>
[113]    0.0    0.02    0.00                 copy_src_xdesc_to_dest_xdesc [113]
-----------------------------------------------
                                                 <spontaneous>
[114]    0.0    0.02    0.00                 enter_cr_and_find_lub [114]
-----------------------------------------------
                                                 <spontaneous>
[115]    0.0    0.02    0.00                 for__acquire_semaphore_threaded [115]
-----------------------------------------------
                                                 <spontaneous>
[116]    0.0    0.02    0.00                 for__characterize_LUB_buffer [116]
-----------------------------------------------
                                                 <spontaneous>
[117]    0.0    0.02    0.00                 for__clear_signal_ops_during_vm [117]
-----------------------------------------------
                                                 <spontaneous>
[118]    0.0    0.02    0.00                 for_check_env_name [118]
-----------------------------------------------
                                                 <spontaneous>
[119]    0.0    0.02    0.00                 for_open [119]
-----------------------------------------------
                                                 <spontaneous>
[120]    0.0    0.02    0.00                 for_simd_random_number [120]
-----------------------------------------------
                                                 <spontaneous>
[121]    0.0    0.02    0.00                 for_string_search [121]
-----------------------------------------------
                                                 <spontaneous>
[122]    0.0    0.02    0.00                 motorunitclass._ [122]
-----------------------------------------------
                                                 <spontaneous>
[123]    0.0    0.02    0.00                 __svml_exp2 [123]
-----------------------------------------------
                                                 <spontaneous>
[124]    0.0    0.02    0.00                 _intel_fast_memmove.M [124]
-----------------------------------------------
                                                 <spontaneous>
[125]    0.0    0.02    0.00                 axondelayclass_mp_addantidromicspike_ [125]
-----------------------------------------------
                                                 <spontaneous>
[126]    0.0    0.01    0.00                 cvtas_a_to_t [126]
-----------------------------------------------
                                                 <spontaneous>
[127]    0.0    0.01    0.00                 do_alloc_copy [127]
-----------------------------------------------
                                                 <spontaneous>
[128]    0.0    0.01    0.00                 do_deallocate_all [128]
-----------------------------------------------
                                                 <spontaneous>
[129]    0.0    0.01    0.00                 for__access_threadstor_threads [129]
-----------------------------------------------
                                                 <spontaneous>
[130]    0.0    0.01    0.00                 for__acquire_threadstor_threads [130]
-----------------------------------------------
                                                 <spontaneous>
[131]    0.0    0.01    0.00                 for__aio_acquire_lun [131]
-----------------------------------------------
                                                 <spontaneous>
[132]    0.0    0.01    0.00                 for__calc_num_elts [132]
-----------------------------------------------
                                                 <spontaneous>
[133]    0.0    0.01    0.00                 for__close_default [133]
-----------------------------------------------
                                                 <spontaneous>
[134]    0.0    0.01    0.00                 for__close_proc [134]
-----------------------------------------------
                                                 <spontaneous>
[135]    0.0    0.01    0.00                 for__compute_filename [135]
-----------------------------------------------
                                                 <spontaneous>
[136]    0.0    0.01    0.00                 for__enable_asynch_deliv_private [136]
-----------------------------------------------
                                                 <spontaneous>
[137]    0.0    0.01    0.00                 for__flush_readahead [137]
-----------------------------------------------
                                                 <spontaneous>
[138]    0.0    0.01    0.00                 for__key_desc_ret_item [138]
-----------------------------------------------
                                                 <spontaneous>
[139]    0.0    0.01    0.00                 for__read_input [139]
-----------------------------------------------
                                                 <spontaneous>
[140]    0.0    0.01    0.00                 for_alloc_assign_v2 [140]
-----------------------------------------------
                                                 <spontaneous>
[141]    0.0    0.01    0.00                 for_write_int_fmt_xmit [141]
-----------------------------------------------
                                                 <spontaneous>
[142]    0.0    0.01    0.00                 neuraltractunitclass._ [142]
-----------------------------------------------
                                                 <spontaneous>
[143]    0.0    0.01    0.00                 spec_dexp2 [143]
-----------------------------------------------
                                                 <spontaneous>
[144]    0.0    0.01    0.00                 synapseclass_mp_reset_ [144]
-----------------------------------------------
                                                 <spontaneous>
[145]    0.0    0.01    0.00                 __intel_sse2_strcpy [145]
-----------------------------------------------
                                                 <spontaneous>
[146]    0.0    0.01    0.00                 _intel_fast_memset.J [146]
-----------------------------------------------
                0.00    0.00     400/400         synapsesfactorymodule_mp_synapsefactory_ [57]
[147]    0.0    0.00    0.00     400         configurationclass_mp_determinesynapses_ [147]
                0.00    0.00    4800/100525      characterarrayclass_mp_addtolist_ [92]
                0.00    0.00    1200/4400        characterarrayclass_mp_init_characterarray_ [155]
                0.00    0.00    1200/1200        charactermatrixclass_mp_append_ [156]
                0.00    0.00     400/800         charactermatrixclass_mp_init_charactermatrix_ [157]
-----------------------------------------------
                0.00    0.00       1/1           motorunitpoolclass_mp_init_motorunitpool_ [38]
[148]    0.0    0.00    0.00       1         musclenohillclass_mp_init_musclenohill_ [148]
                0.00    0.00      10/69217       configurationclass_mp_parameterset_ [41]
-----------------------------------------------
                0.00    0.00   22011/22011       motorunitclass_mp_addcompartmentspike_ [71]
[149]    0.0    0.00    0.00   22011         axondelayclass_mp_addspinalspike_ [149]
                0.00    0.00   22011/1084073764     dynamicalarrays_mp_addtolist_ [16]
-----------------------------------------------
                0.00    0.00       1/1           motorunitpoolclass_mp_init_motorunitpool_ [38]
[150]    0.0    0.00    0.00       1         muscularactivationclass_mp_init_muscularactivation_ [150]
                0.00    0.00       1/69217       configurationclass_mp_parameterset_ [41]
-----------------------------------------------
                0.00    0.00       1/1           MAIN__ [1]
[151]    0.0    0.00    0.00       1         neuraltractclass_mp_init_neuraltract_ [151]
                0.00    0.00       1/69217       configurationclass_mp_parameterset_ [41]
                0.00    0.00     400/400         neuraltractunitclass_mp_init_neuraltractunit_ [158]
-----------------------------------------------
                0.00    0.00   95725/95725       synapsesfactorymodule_mp_synapsefactory_ [57]
[152]    0.0    0.00    0.00   95725         synapsepointerclass_mp_init_synapsepointer_ [152]
-----------------------------------------------
                0.00    0.00   21977/21977       axondelayclass_mp_atualizestimulus_ [22]
[153]    0.0    0.00    0.00   21977         axondelayclass_mp_addterminalspike_ [153]
-----------------------------------------------
                0.00    0.00    6400/6400        synapseclass_mp_init_synapse_ [65]
[154]    0.0    0.00    0.00    6400         queueclass_mp_init_queue_ [154]
-----------------------------------------------
                0.00    0.00    1200/4400        configurationclass_mp_determinesynapses_ [147]
                0.00    0.00    3200/4400        synapseclass_mp_init_synapse_ [65]
[155]    0.0    0.00    0.00    4400         characterarrayclass_mp_init_characterarray_ [155]
-----------------------------------------------
                0.00    0.00    1200/1200        configurationclass_mp_determinesynapses_ [147]
[156]    0.0    0.00    0.00    1200         charactermatrixclass_mp_append_ [156]
-----------------------------------------------
                0.00    0.00     400/800         neuraltractunitclass_mp_init_neuraltractunit_ [158]
                0.00    0.00     400/800         configurationclass_mp_determinesynapses_ [147]
[157]    0.0    0.00    0.00     800         charactermatrixclass_mp_init_charactermatrix_ [157]
-----------------------------------------------
                0.00    0.00     400/400         neuraltractclass_mp_init_neuraltract_ [151]
[158]    0.0    0.00    0.00     400         neuraltractunitclass_mp_init_neuraltractunit_ [158]
                0.00    0.00     400/400         pointprocessgeneratorclass_mp_init_pointprocessgenerator_ [159]
                0.00    0.00     400/800         charactermatrixclass_mp_init_charactermatrix_ [157]
-----------------------------------------------
                0.00    0.00     400/400         neuraltractunitclass_mp_init_neuraltractunit_ [158]
[159]    0.0    0.00    0.00     400         pointprocessgeneratorclass_mp_init_pointprocessgenerator_ [159]
-----------------------------------------------
                0.00    0.00      30/30          ogpf_mp_processcmd_ [165]
[160]    0.0    0.00    0.00      30         ogpf_mp_write_label_ [160]
-----------------------------------------------
                0.00    0.00       5/15          ogpf_mp_set_plottitle_ [166]
                0.00    0.00       5/15          ogpf_mp_set_xlabel_ [167]
                0.00    0.00       5/15          ogpf_mp_set_ylabel_ [168]
[161]    0.0    0.00    0.00      15         ogpf_mp_set_label_ [161]
-----------------------------------------------
                0.00    0.00       5/5           ogpf_mp_plot2d_vector_vs_vector_ [111]
[162]    0.0    0.00    0.00       5         ogpf_mp_create_outputfile_ [162]
                0.00    0.00       5/5           ogpf_mp_preset_gnuplot_config_ [163]
-----------------------------------------------
                0.00    0.00       5/5           ogpf_mp_create_outputfile_ [162]
[163]    0.0    0.00    0.00       5         ogpf_mp_preset_gnuplot_config_ [163]
-----------------------------------------------
                0.00    0.00       5/5           ogpf_mp_plot2d_vector_vs_vector_ [111]
[164]    0.0    0.00    0.00       5         ogpf_mp_process_linespec_ [164]
-----------------------------------------------
                0.00    0.00       5/5           ogpf_mp_plot2d_vector_vs_vector_ [111]
[165]    0.0    0.00    0.00       5         ogpf_mp_processcmd_ [165]
                0.00    0.00      30/30          ogpf_mp_write_label_ [160]
-----------------------------------------------
                0.00    0.00       5/5           MAIN__ [1]
[166]    0.0    0.00    0.00       5         ogpf_mp_set_plottitle_ [166]
                0.00    0.00       5/15          ogpf_mp_set_label_ [161]
-----------------------------------------------
                0.00    0.00       5/5           MAIN__ [1]
[167]    0.0    0.00    0.00       5         ogpf_mp_set_xlabel_ [167]
                0.00    0.00       5/15          ogpf_mp_set_label_ [161]
-----------------------------------------------
                0.00    0.00       5/5           MAIN__ [1]
[168]    0.0    0.00    0.00       5         ogpf_mp_set_ylabel_ [168]
                0.00    0.00       5/15          ogpf_mp_set_label_ [161]
-----------------------------------------------
                0.00    0.00       2/2           MAIN__ [1]
[169]    0.0    0.00    0.00       2         configurationclass_mp_init_configuration_ [169]
-----------------------------------------------
                0.00    0.00       1/1           MAIN__ [1]
[170]    0.0    0.00    0.00       1         motorunitpoolclass_mp_listspikes_ [170]
-----------------------------------------------
                0.00    0.00       1/1           MAIN__ [1]
[171]    0.0    0.00    0.00       1         neuraltractclass_mp_listspikes_ [171]
-----------------------------------------------
                0.00    0.00       1/1           MAIN__ [1]
[172]    0.0    0.00    0.00       1         randomseedinitialize_mp_init_random_seed_ [172]
-----------------------------------------------

 This table describes the call tree of the program, and was sorted by
 the total amount of time spent in each function and its children.

 Each entry in this table consists of several lines.  The line with the
 index number at the left hand margin lists the current function.
 The lines above it list the functions that called this function,
 and the lines below it list the functions this one called.
 This line lists:
     index	A unique number given to each element of the table.
		Index numbers are sorted numerically.
		The index number is printed next to every function name so
		it is easier to look up where the function is in the table.

     % time	This is the percentage of the `total' time that was spent
		in this function and its children.  Note that due to
		different viewpoints, functions excluded by options, etc,
		these numbers will NOT add up to 100%.

     self	This is the total amount of time spent in this function.

     children	This is the total amount of time propagated into this
		function by its children.

     called	This is the number of times the function was called.
		If the function called itself recursively, the number
		only includes non-recursive calls, and is followed by
		a `+' and the number of recursive calls.

     name	The name of the current function.  The index number is
		printed after it.  If the function is a member of a
		cycle, the cycle number is printed between the
		function's name and the index number.


 For the function's parents, the fields have the following meanings:

     self	This is the amount of time that was propagated directly
		from the function into this parent.

     children	This is the amount of time that was propagated from
		the function's children into this parent.

     called	This is the number of times this parent called the
		function `/' the total number of times the function
		was called.  Recursive calls to the function are not
		included in the number after the `/'.

     name	This is the name of the parent.  The parent's index
		number is printed after it.  If the parent is a
		member of a cycle, the cycle number is printed between
		the name and the index number.

 If the parents of the function cannot be determined, the word
 `<spontaneous>' is printed in the `name' field, and all the other
 fields are blank.

 For the function's children, the fields have the following meanings:

     self	This is the amount of time that was propagated directly
		from the child into the function.

     children	This is the amount of time that was propagated from the
		child's children to the function.

     called	This is the number of times the function called
		this child `/' the total number of times the child
		was called.  Recursive calls by the child are not
		listed in the number after the `/'.

     name	This is the name of the child.  The child's index
		number is printed after it.  If the child is a
		member of a cycle, the cycle number is printed
		between the name and the index number.

 If there are any cycles (circles) in the call graph, there is an
 entry for the cycle-as-a-whole.  This entry shows who called the
 cycle (as parents) and the members of the cycle (as children.)
 The `+' recursive calls entry shows the number of function calls that
 were internal to the cycle, and the calls entry for each member shows,
 for that member, how many times it was called from other members of
 the cycle.

Copyright (C) 2012-2015 Free Software Foundation, Inc.

Copying and distribution of this file, with or without modification,
are permitted in any medium without royalty provided the copyright
notice and this notice are preserved.

Index by function name

   [1] MAIN__                [129] for__access_threadstor_threads [13] motorunitclass_mp_getemg_
  [15] __intel_avx_rep_memcpy [62] for__acquire_lun       [39] motorunitclass_mp_init_motorunit_
  [54] __intel_avx_rep_memset [115] for__acquire_semaphore_threaded [3] motorunitpoolclass_mp_atualizemotorunitpool_
  [49] __intel_cpu_features_init_body [130] for__acquire_threadstor_threads [4] motorunitpoolclass_mp_dvdt_
  [43] __intel_mic_avx512f_memset [131] for__aio_acquire_lun [12] motorunitpoolclass_mp_getmotorunitpoolemg_
 [145] __intel_sse2_strcpy   [132] for__calc_num_elts     [11] motorunitpoolclass_mp_getmotorunitpoolinstantemg_
  [88] __intel_ssse3_memmove [116] for__characterize_LUB_buffer [38] motorunitpoolclass_mp_init_motorunitpool_
  [53] __intel_ssse3_rep_memmove [117] for__clear_signal_ops_during_vm [170] motorunitpoolclass_mp_listspikes_
  [36] __libm_exp_l9         [133] for__close_default     [84] musclenohillclass_mp_atualizeforce_
 [110] __libm_log_l9         [134] for__close_proc       [148] musclenohillclass_mp_init_musclenohill_
 [103] __libm_matherrl_ex    [135] for__compute_filename   [6] muscularactivationclass_mp_atualizeactivationsignal_
  [59] __qtof                 [74] for__cvt_value        [150] muscularactivationclass_mp_init_muscularactivation_
 [123] __svml_exp2            [77] for__desc_ret_item     [17] neuraltractclass_mp_atualizepool_
  [73] __svml_exp2_l9        [136] for__enable_asynch_deliv_private [151] neuraltractclass_mp_init_neuraltract_
  [19] _intel_fast_memcmp    [137] for__flush_readahead  [171] neuraltractclass_mp_listspikes_
  [29] _intel_fast_memcpy     [96] for__format_value     [142] neuraltractunitclass._
  [50] _intel_fast_memcpy.P   [83] for__free_vm           [18] neuraltractunitclass_mp_atualizeneuraltractunit_
  [40] _intel_fast_memcpy.a   [60] for__get_s            [158] neuraltractunitclass_mp_init_neuraltractunit_
  [75] _intel_fast_memmove    [79] for__get_vm            [23] neuraltractunitclass_mp_transmitspikes_
 [124] _intel_fast_memmove.M  [58] for__interp_fmt       [162] ogpf_mp_create_outputfile_
  [82] _intel_fast_memmove.P [107] for__io_return        [111] ogpf_mp_plot2d_vector_vs_vector_
  [81] _intel_fast_memset    [138] for__key_desc_ret_item [163] ogpf_mp_preset_gnuplot_config_
 [146] _intel_fast_memset.J  [101] for__open_proc        [164] ogpf_mp_process_linespec_
  [91] _intel_fast_memset.a  [139] for__read_input       [165] ogpf_mp_processcmd_
  [44] _mm_free               [70] for__release_lun      [161] ogpf_mp_set_label_
  [32] _mm_malloc             [51] for__resource_acquire [166] ogpf_mp_set_plottitle_
 [125] axondelayclass_mp_addantidromicspike_ [55] for__resource_release [167] ogpf_mp_set_xlabel_
 [149] axondelayclass_mp_addspinalspike_ [108] for__write_output [168] ogpf_mp_set_ylabel_
 [153] axondelayclass_mp_addterminalspike_ [24] for_alloc_allocatable [160] ogpf_mp_write_label_
  [22] axondelayclass_mp_atualizestimulus_ [140] for_alloc_assign_v2 [112] ogpf_mp_write_xydata_
  [85] axondelayclass_mp_init_axondelay_ [61] for_allocate [68] pointprocessgeneratorclass_mp_atualizegenerator_
  [93] channelconductanceclass._ [118] for_check_env_name [159] pointprocessgeneratorclass_mp_init_pointprocessgenerator_
   [9] channelconductanceclass_mp_computecurrent_ [80] for_check_mult_overflow [99] pointprocessgeneratorclass_mp_newthreshold_
  [64] channelconductanceclass_mp_init_channelconductance_ [27] for_check_mult_overflow64 [109] process_existing_lub
  [92] characterarrayclass_mp_addtolist_ [45] for_concat  [63] pulseconductancestateclass_mp_changestate_
 [155] characterarrayclass_mp_init_characterarray_ [14] for_cpstr [28] pulseconductancestateclass_mp_computestatevalue_
 [156] charactermatrixclass_mp_append_ [34] for_cpstr_le  [69] pulseconductancestateclass_mp_init_pulseconductancestate_
 [157] charactermatrixclass_mp_init_charactermatrix_ [76] for_cpystr [104] queueclass._
  [89] compartmentclass._     [26] for_dealloc_allocatable [35] queueclass_mp_append_
   [5] compartmentclass_mp_computecurrent_ [66] for_deallocate [52] queueclass_mp_extend_
  [48] compartmentclass_mp_init_compartment_ [98] for_index_ssll [154] queueclass_mp_init_queue_
 [147] configurationclass_mp_determinesynapses_ [42] for_len_trim [37] queueclass_mp_popleft_
 [169] configurationclass_mp_init_configuration_ [119] for_open [172] randomseedinitialize_mp_init_random_seed_
  [41] configurationclass_mp_parameterset_ [102] for_read_int_lis_xmit [94] ri_get_field
 [113] copy_src_xdesc_to_dest_xdesc [56] for_read_seq_fmt [143] spec_dexp2
  [95] cvt_ieee_t_to_text_ex  [46] for_read_seq_fmt_xmit [105] synapseclass._
  [87] cvtas__nan_x           [72] for_realloc_lhs        [86] synapseclass_mp_addconductance_
 [126] cvtas_a_to_t          [120] for_simd_random_number  [8] synapseclass_mp_computeconductance_
  [67] cvtas_t_to_a          [121] for_string_search       [7] synapseclass_mp_computecurrent_
 [127] do_alloc_copy          [10] for_trim               [65] synapseclass_mp_init_synapse_
 [128] do_deallocate_all     [141] for_write_int_fmt_xmit [25] synapseclass_mp_receivespike_
  [78] dynamicalarrays._      [97] for_write_seq_lis_xmit [144] synapseclass_mp_reset_
  [16] dynamicalarrays_mp_addtolist_ [122] motorunitclass._ [21] synapseclass_mp_startconductance_
  [47] dynamicalarrays_mp_integeraddtolist_ [71] motorunitclass_mp_addcompartmentspike_ [30] synapseclass_mp_stopconductance_
 [114] enter_cr_and_find_lub  [33] motorunitclass_mp_atualizecompartments_ [90] synapsepointerclass_mp_assignsynapse_
 [106] exp                    [20] motorunitclass_mp_atualizedelay_ [152] synapsepointerclass_mp_init_synapsepointer_
 [100] find_min_lun           [31] motorunitclass_mp_atualizemotorunit_ [57] synapsesfactorymodule_mp_synapsefactory_
