<?xml version="1.0" encoding="utf-8"?>
<log version="1.0" tool="runtool">

<msg id="1" tool="runtool">
  <type>log-start</type>
  <arg>2018/09/12 17:46:39</arg>
</msg>
<msg id="2" tool="runtool">
  <type>collector-starts</type>
</msg>
<msg id="3" tool="runtool">
  <type>marker-file</type>
  <arg>/home/rnwatanabe/Documents/projectFR/Examples/PosturalControl/r000mi2/r000mi2.inspxe</arg>
</msg>
<msg id="4" tool="mc">
  <type>EXEC_OF_INTEREST</type>
  <arg>/home/rnwatanabe/Documents/projectFR/Examples/PosturalControl/PosturalControl</arg>
  <arg>17112</arg>
  <severity>INFO</severity>
  <timestamp>Wed Sep 12 17:46:39 2018</timestamp>
</msg>
<msg id="5" tool="mc">
  <type>MODULE_LOAD</type>
  <arg>/home/rnwatanabe/Documents/projectFR/Examples/PosturalControl/PosturalControl</arg>
  <arg>0x400000</arg>
  <arg>0xc6100f</arg>
  <severity>INFO</severity>
  <timestamp>Wed Sep 12 17:46:39 2018</timestamp>
</msg>
<msg id="6" tool="mc">
  <type>MODULE_LOAD_NO_ANALYSIS</type>
  <arg>/lib64/ld-linux-x86-64.so.2</arg>
  <arg>0x7f6dd6549000</arg>
  <arg>0x7f6dd677216f</arg>
  <severity>INFO</severity>
  <timestamp>Wed Sep 12 17:46:39 2018</timestamp>
</msg>
<msg id="7" tool="mc">
  <type>MODULE_LOAD</type>
  <arg>[vdso]</arg>
  <arg>0x7ffee74c5000</arg>
  <arg>0x7ffee74c600a</arg>
  <severity>INFO</severity>
  <timestamp>Wed Sep 12 17:46:39 2018</timestamp>
</msg>
<msg id="8" tool="mc">
  <type>MODULE_LOAD_NO_ANALYSIS</type>
  <arg>/opt/intel/compilers_and_libraries_2018.3.222/linux/compiler/lib/intel64_lin/libiomp5.so</arg>
  <arg>0x7f6dc0eca000</arg>
  <arg>0x7f6dc12a403f</arg>
  <severity>INFO</severity>
  <timestamp>Wed Sep 12 17:46:40 2018</timestamp>
</msg>
<msg id="9" tool="mc">
  <type>MODULE_LOAD</type>
  <arg>/lib/x86_64-linux-gnu/libpthread.so.0</arg>
  <arg>0x7f6dc0bf2000</arg>
  <arg>0x7f6dc0e1047f</arg>
  <severity>INFO</severity>
  <timestamp>Wed Sep 12 17:46:40 2018</timestamp>
</msg>
<msg id="10" tool="mc">
  <type>MODULE_LOAD</type>
  <arg>/opt/intel/compilers_and_libraries_2018.3.222/linux/compiler/lib/intel64_lin/libimf.so</arg>
  <arg>0x7f6dc064f000</arg>
  <arg>0x7f6dc0be1a3f</arg>
  <severity>INFO</severity>
  <timestamp>Wed Sep 12 17:46:40 2018</timestamp>
</msg>
<msg id="11" tool="mc">
  <type>MODULE_LOAD</type>
  <arg>/lib/x86_64-linux-gnu/libm.so.6</arg>
  <arg>0x7f6dc02a1000</arg>
  <arg>0x7f6dc063e157</arg>
  <severity>INFO</severity>
  <timestamp>Wed Sep 12 17:46:40 2018</timestamp>
</msg>
<msg id="12" tool="mc">
  <type>MODULE_LOAD_NO_ANALYSIS</type>
  <arg>/lib/x86_64-linux-gnu/libdl.so.2</arg>
  <arg>0x7f6dc008d000</arg>
  <arg>0x7f6dc029010f</arg>
  <severity>INFO</severity>
  <timestamp>Wed Sep 12 17:46:40 2018</timestamp>
</msg>
<msg id="13" tool="mc">
  <type>MODULE_LOAD</type>
  <arg>/opt/intel/compilers_and_libraries_2018.3.222/linux/compiler/lib/intel64_lin/libifport.so.5</arg>
  <arg>0x7f6dbfe51000</arg>
  <arg>0x7f6dc007cd3f</arg>
  <severity>INFO</severity>
  <timestamp>Wed Sep 12 17:46:40 2018</timestamp>
</msg>
<msg id="14" tool="mc">
  <type>MODULE_LOAD</type>
  <arg>/opt/intel/compilers_and_libraries_2018.3.222/linux/compiler/lib/intel64_lin/libifcoremt.so.5</arg>
  <arg>0x7f6dbfaad000</arg>
  <arg>0x7f6dbfe403a7</arg>
  <severity>INFO</severity>
  <timestamp>Wed Sep 12 17:46:40 2018</timestamp>
</msg>
<msg id="15" tool="mc">
  <type>MODULE_LOAD</type>
  <arg>/opt/intel/compilers_and_libraries_2018.3.222/linux/compiler/lib/intel64_lin/libsvml.so</arg>
  <arg>0x7f6dbe18f000</arg>
  <arg>0x7f6dbfa9c23f</arg>
  <severity>INFO</severity>
  <timestamp>Wed Sep 12 17:46:41 2018</timestamp>
</msg>
<msg id="16" tool="mc">
  <type>MODULE_LOAD</type>
  <arg>/opt/intel/compilers_and_libraries_2018.3.222/linux/compiler/lib/intel64_lin/libintlc.so.5</arg>
  <arg>0x7f6dbdf11000</arg>
  <arg>0x7f6dbe17ef7f</arg>
  <severity>INFO</severity>
  <timestamp>Wed Sep 12 17:46:41 2018</timestamp>
</msg>
<msg id="17" tool="mc">
  <type>MODULE_LOAD</type>
  <arg>/lib/x86_64-linux-gnu/libc.so.6</arg>
  <arg>0x7f6dbdb10000</arg>
  <arg>0x7f6dbdf00adf</arg>
  <severity>INFO</severity>
  <timestamp>Wed Sep 12 17:46:41 2018</timestamp>
</msg>
<msg id="18" tool="mc">
  <type>MODULE_LOAD</type>
  <arg>/lib/x86_64-linux-gnu/libgcc_s.so.1</arg>
  <arg>0x7f6dbd8e8000</arg>
  <arg>0x7f6dbdaff42f</arg>
  <severity>INFO</severity>
  <timestamp>Wed Sep 12 17:46:41 2018</timestamp>
</msg>
<msg id="19" tool="mc">
  <type>INTERNAL</type>
  <severity>ERROR</severity>
  <timestamp>Wed Sep 12 17:46:41 2018</timestamp>
</msg>
<msg id="20" tool="runtool">
  <type>app-exit-code</type>
  <arg>139</arg>
</msg>
<msg id="21" tool="runtool">
  <type>marker-file</type>
  <arg>/home/rnwatanabe/Documents/projectFR/Examples/PosturalControl/r000mi2/r000mi2.inspxe</arg>
</msg>
<msg id="22" tool="runtool">
  <type>collector-done</type>
</msg>
<msg id="23" tool="runtool">
  <type>log-end</type>
  <arg>2018/09/12 17:46:45</arg>
</msg>

</log>

