<?xml version="1.0" encoding="utf-8"?>
<log version="1.0" tool="runtool">

<msg id="1" tool="runtool">
  <type>log-start</type>
  <arg>2018/09/12 18:24:47</arg>
</msg>
<msg id="2" tool="runtool">
  <type>collector-starts</type>
</msg>
<msg id="3" tool="runtool">
  <type>marker-file</type>
  <arg>/home/rnwatanabe/Documents/projectFR/Examples/PosturalControl/r007mi2/r007mi2.inspxe</arg>
</msg>
<msg id="4" tool="mc">
  <type>EXEC_OF_INTEREST</type>
  <arg>/home/rnwatanabe/Documents/projectFR/Examples/PosturalControl/PosturalControl</arg>
  <arg>19042</arg>
  <severity>INFO</severity>
  <timestamp>Wed Sep 12 18:24:47 2018</timestamp>
</msg>
<msg id="5" tool="mc">
  <type>MODULE_LOAD</type>
  <arg>/home/rnwatanabe/Documents/projectFR/Examples/PosturalControl/PosturalControl</arg>
  <arg>0x400000</arg>
  <arg>0xc6080f</arg>
  <severity>INFO</severity>
  <timestamp>Wed Sep 12 18:24:47 2018</timestamp>
</msg>
<msg id="6" tool="mc">
  <type>MODULE_LOAD_NO_ANALYSIS</type>
  <arg>/lib64/ld-linux-x86-64.so.2</arg>
  <arg>0x7f84fbc94000</arg>
  <arg>0x7f84fbebd16f</arg>
  <severity>INFO</severity>
  <timestamp>Wed Sep 12 18:24:47 2018</timestamp>
</msg>
<msg id="7" tool="mc">
  <type>MODULE_LOAD</type>
  <arg>[vdso]</arg>
  <arg>0x7ffc21e93000</arg>
  <arg>0x7ffc21e9400a</arg>
  <severity>INFO</severity>
  <timestamp>Wed Sep 12 18:24:47 2018</timestamp>
</msg>
<msg id="8" tool="mc">
  <type>MODULE_LOAD_NO_ANALYSIS</type>
  <arg>/opt/intel/compilers_and_libraries_2018.3.222/linux/compiler/lib/intel64_lin/libiomp5.so</arg>
  <arg>0x7f84e6617000</arg>
  <arg>0x7f84e69f103f</arg>
  <severity>INFO</severity>
  <timestamp>Wed Sep 12 18:24:47 2018</timestamp>
</msg>
<msg id="9" tool="mc">
  <type>MODULE_LOAD</type>
  <arg>/lib/x86_64-linux-gnu/libpthread.so.0</arg>
  <arg>0x7f84e6342000</arg>
  <arg>0x7f84e656047f</arg>
  <severity>INFO</severity>
  <timestamp>Wed Sep 12 18:24:47 2018</timestamp>
</msg>
<msg id="10" tool="mc">
  <type>MODULE_LOAD</type>
  <arg>/opt/intel/compilers_and_libraries_2018.3.222/linux/compiler/lib/intel64_lin/libimf.so</arg>
  <arg>0x7f84e5d9f000</arg>
  <arg>0x7f84e6331a3f</arg>
  <severity>INFO</severity>
  <timestamp>Wed Sep 12 18:24:47 2018</timestamp>
</msg>
<msg id="11" tool="mc">
  <type>MODULE_LOAD</type>
  <arg>/lib/x86_64-linux-gnu/libm.so.6</arg>
  <arg>0x7f84e59f1000</arg>
  <arg>0x7f84e5d8e157</arg>
  <severity>INFO</severity>
  <timestamp>Wed Sep 12 18:24:47 2018</timestamp>
</msg>
<msg id="12" tool="mc">
  <type>MODULE_LOAD_NO_ANALYSIS</type>
  <arg>/lib/x86_64-linux-gnu/libdl.so.2</arg>
  <arg>0x7f84e57dd000</arg>
  <arg>0x7f84e59e010f</arg>
  <severity>INFO</severity>
  <timestamp>Wed Sep 12 18:24:47 2018</timestamp>
</msg>
<msg id="13" tool="mc">
  <type>MODULE_LOAD</type>
  <arg>/opt/intel/compilers_and_libraries_2018.3.222/linux/compiler/lib/intel64_lin/libifport.so.5</arg>
  <arg>0x7f84e55a1000</arg>
  <arg>0x7f84e57ccd3f</arg>
  <severity>INFO</severity>
  <timestamp>Wed Sep 12 18:24:47 2018</timestamp>
</msg>
<msg id="14" tool="mc">
  <type>MODULE_LOAD</type>
  <arg>/opt/intel/compilers_and_libraries_2018.3.222/linux/compiler/lib/intel64_lin/libifcoremt.so.5</arg>
  <arg>0x7f84e51fd000</arg>
  <arg>0x7f84e55903a7</arg>
  <severity>INFO</severity>
  <timestamp>Wed Sep 12 18:24:47 2018</timestamp>
</msg>
<msg id="15" tool="mc">
  <type>MODULE_LOAD</type>
  <arg>/opt/intel/compilers_and_libraries_2018.3.222/linux/compiler/lib/intel64_lin/libsvml.so</arg>
  <arg>0x7f84e38df000</arg>
  <arg>0x7f84e51ec23f</arg>
  <severity>INFO</severity>
  <timestamp>Wed Sep 12 18:24:48 2018</timestamp>
</msg>
<msg id="16" tool="mc">
  <type>MODULE_LOAD</type>
  <arg>/opt/intel/compilers_and_libraries_2018.3.222/linux/compiler/lib/intel64_lin/libintlc.so.5</arg>
  <arg>0x7f84e3661000</arg>
  <arg>0x7f84e38cef7f</arg>
  <severity>INFO</severity>
  <timestamp>Wed Sep 12 18:24:48 2018</timestamp>
</msg>
<msg id="17" tool="mc">
  <type>MODULE_LOAD</type>
  <arg>/lib/x86_64-linux-gnu/libc.so.6</arg>
  <arg>0x7f84e3260000</arg>
  <arg>0x7f84e3650adf</arg>
  <severity>INFO</severity>
  <timestamp>Wed Sep 12 18:24:48 2018</timestamp>
</msg>
<msg id="18" tool="mc">
  <type>MODULE_LOAD</type>
  <arg>/lib/x86_64-linux-gnu/libgcc_s.so.1</arg>
  <arg>0x7f84e3038000</arg>
  <arg>0x7f84e324f42f</arg>
  <severity>INFO</severity>
  <timestamp>Wed Sep 12 18:24:48 2018</timestamp>
</msg>
<msg id="19" tool="mc">
  <type>INTERNAL</type>
  <severity>ERROR</severity>
  <timestamp>Wed Sep 12 18:24:48 2018</timestamp>
</msg>
<msg id="20" tool="runtool">
  <type>app-exit-code</type>
  <arg>139</arg>
</msg>
<msg id="21" tool="runtool">
  <type>marker-file</type>
  <arg>/home/rnwatanabe/Documents/projectFR/Examples/PosturalControl/r007mi2/r007mi2.inspxe</arg>
</msg>
<msg id="22" tool="runtool">
  <type>collector-done</type>
</msg>
<msg id="23" tool="runtool">
  <type>log-end</type>
  <arg>2018/09/12 18:24:52</arg>
</msg>

</log>

