<?xml version="1.0" encoding="UTF-8"?>
<feedback>
 <message severity="verbose">Analysis started...</message>
 <nop/>
 <message severity="verbose">Result file: /home/rnwatanabe/Documents/projectFR/Examples/PosturalControl/r001mi2/r001mi2.inspxe </message>
 <nop/>
 <message severity="verbose">Analysis started for /home/rnwatanabe/Documents/projectFR/Examples/PosturalControl/PosturalControl (pid = 17158) </message>
 <nop/>
 <message severity="verbose">Loaded module: /home/rnwatanabe/Documents/projectFR/Examples/PosturalControl/PosturalControl, address range [0x400000-0xc6100f] </message>
 <nop/>
 <message severity="verbose">Loaded module: /lib64/ld-linux-x86-64.so.2, address range [0x7f4d01d1c000-0x7f4d01f4516f], minimal analysis </message>
 <nop/>
 <message severity="verbose">Loaded module: [vdso], address range [0x7fffcb3e0000-0x7fffcb3e100a] </message>
 <nop/>
 <message severity="verbose">Loaded module: /opt/intel/compilers_and_libraries_2018.3.222/linux/compiler/lib/intel64_lin/libiomp5.so, address range [0x7f4cec65d000-0x7f4ceca3703f], minimal analysis </message>
 <nop/>
 <message severity="verbose">Loaded module: /lib/x86_64-linux-gnu/libpthread.so.0, address range [0x7f4cec335000-0x7f4cec55347f] </message>
 <nop/>
 <message severity="verbose">Loaded module: /opt/intel/compilers_and_libraries_2018.3.222/linux/compiler/lib/intel64_lin/libimf.so, address range [0x7f4cebda2000-0x7f4cec334a3f] </message>
 <nop/>
 <message severity="verbose">Loaded module: /lib/x86_64-linux-gnu/libm.so.6, address range [0x7f4ceb9f4000-0x7f4cebd91157] </message>
 <nop/>
 <message severity="verbose">Loaded module: /lib/x86_64-linux-gnu/libdl.so.2, address range [0x7f4ceb7e0000-0x7f4ceb9e310f], minimal analysis </message>
 <nop/>
 <message severity="verbose">Loaded module: /opt/intel/compilers_and_libraries_2018.3.222/linux/compiler/lib/intel64_lin/libifport.so.5, address range [0x7f4ceb5a4000-0x7f4ceb7cfd3f] </message>
 <nop/>
 <message severity="verbose">Loaded module: /opt/intel/compilers_and_libraries_2018.3.222/linux/compiler/lib/intel64_lin/libifcoremt.so.5, address range [0x7f4ceb200000-0x7f4ceb5933a7] </message>
 <nop/>
 <message severity="verbose">Loaded module: /opt/intel/compilers_and_libraries_2018.3.222/linux/compiler/lib/intel64_lin/libsvml.so, address range [0x7f4ce98e2000-0x7f4ceb1ef23f] </message>
 <nop/>
 <message severity="verbose">Loaded module: /opt/intel/compilers_and_libraries_2018.3.222/linux/compiler/lib/intel64_lin/libintlc.so.5, address range [0x7f4ce9664000-0x7f4ce98d1f7f] </message>
 <nop/>
 <message severity="verbose">Loaded module: /lib/x86_64-linux-gnu/libc.so.6, address range [0x7f4ce9263000-0x7f4ce9653adf] </message>
 <nop/>
 <message severity="verbose">Loaded module: /lib/x86_64-linux-gnu/libgcc_s.so.1, address range [0x7f4ce903b000-0x7f4ce925242f] </message>
 <nop/>
 <message severity="error">Internal error. Please contact Intel customer support team. </message>
 <nop/>
 <message severity="verbose">Application exit code: 139 </message>
 <nop/>
 <message severity="verbose">Result file: /home/rnwatanabe/Documents/projectFR/Examples/PosturalControl/r001mi2/r001mi2.inspxe </message>
 <nop/>
 <message severity="verbose">Analysis completed</message>
 <nop/>
 <message severity="warning">Encountered an issue while loading result [/home/rnwatanabe/Documents/projectFR/Examples/PosturalControl/r001mi2]. Run terminated abnormally. Some data may be lost. </message>
 <nop/>
 <message severity="info">  </message>
 <nop/>
 <message severity="info">0 new problem(s) found </message>
 <nop/>
</feedback>
