<?xml version="1.0" encoding="utf-8"?>
<log version="1.0" tool="runtool">

<msg id="1" tool="runtool">
  <type>log-start</type>
  <arg>2018/09/12 18:22:13</arg>
</msg>
<msg id="2" tool="runtool">
  <type>collector-starts</type>
</msg>
<msg id="3" tool="runtool">
  <type>marker-file</type>
  <arg>/home/rnwatanabe/Documents/projectFR/Examples/PosturalControl/r005mi2/r005mi2.inspxe</arg>
</msg>
<msg id="4" tool="mc">
  <type>EXEC_OF_INTEREST</type>
  <arg>/home/rnwatanabe/Documents/projectFR/Examples/PosturalControl/PosturalControl</arg>
  <arg>18394</arg>
  <severity>INFO</severity>
  <timestamp>Wed Sep 12 18:22:13 2018</timestamp>
</msg>
<msg id="5" tool="mc">
  <type>MODULE_LOAD</type>
  <arg>/home/rnwatanabe/Documents/projectFR/Examples/PosturalControl/PosturalControl</arg>
  <arg>0x400000</arg>
  <arg>0xc6080f</arg>
  <severity>INFO</severity>
  <timestamp>Wed Sep 12 18:22:13 2018</timestamp>
</msg>
<msg id="6" tool="mc">
  <type>MODULE_LOAD_NO_ANALYSIS</type>
  <arg>/lib64/ld-linux-x86-64.so.2</arg>
  <arg>0x7f407e99e000</arg>
  <arg>0x7f407ebc716f</arg>
  <severity>INFO</severity>
  <timestamp>Wed Sep 12 18:22:13 2018</timestamp>
</msg>
<msg id="7" tool="mc">
  <type>MODULE_LOAD</type>
  <arg>[vdso]</arg>
  <arg>0x7ffc423a0000</arg>
  <arg>0x7ffc423a100a</arg>
  <severity>INFO</severity>
  <timestamp>Wed Sep 12 18:22:13 2018</timestamp>
</msg>
<msg id="8" tool="mc">
  <type>MODULE_LOAD_NO_ANALYSIS</type>
  <arg>/opt/intel/compilers_and_libraries_2018.3.222/linux/compiler/lib/intel64_lin/libiomp5.so</arg>
  <arg>0x7f4069321000</arg>
  <arg>0x7f40696fb03f</arg>
  <severity>INFO</severity>
  <timestamp>Wed Sep 12 18:22:13 2018</timestamp>
</msg>
<msg id="9" tool="mc">
  <type>MODULE_LOAD</type>
  <arg>/lib/x86_64-linux-gnu/libpthread.so.0</arg>
  <arg>0x7f4069046000</arg>
  <arg>0x7f406926447f</arg>
  <severity>INFO</severity>
  <timestamp>Wed Sep 12 18:22:13 2018</timestamp>
</msg>
<msg id="10" tool="mc">
  <type>MODULE_LOAD</type>
  <arg>/opt/intel/compilers_and_libraries_2018.3.222/linux/compiler/lib/intel64_lin/libimf.so</arg>
  <arg>0x7f4068aa3000</arg>
  <arg>0x7f4069035a3f</arg>
  <severity>INFO</severity>
  <timestamp>Wed Sep 12 18:22:13 2018</timestamp>
</msg>
<msg id="11" tool="mc">
  <type>MODULE_LOAD</type>
  <arg>/lib/x86_64-linux-gnu/libm.so.6</arg>
  <arg>0x7f40686f5000</arg>
  <arg>0x7f4068a92157</arg>
  <severity>INFO</severity>
  <timestamp>Wed Sep 12 18:22:13 2018</timestamp>
</msg>
<msg id="12" tool="mc">
  <type>MODULE_LOAD_NO_ANALYSIS</type>
  <arg>/lib/x86_64-linux-gnu/libdl.so.2</arg>
  <arg>0x7f40684e1000</arg>
  <arg>0x7f40686e410f</arg>
  <severity>INFO</severity>
  <timestamp>Wed Sep 12 18:22:13 2018</timestamp>
</msg>
<msg id="13" tool="mc">
  <type>MODULE_LOAD</type>
  <arg>/opt/intel/compilers_and_libraries_2018.3.222/linux/compiler/lib/intel64_lin/libifport.so.5</arg>
  <arg>0x7f40682b5000</arg>
  <arg>0x7f40684e0d3f</arg>
  <severity>INFO</severity>
  <timestamp>Wed Sep 12 18:22:13 2018</timestamp>
</msg>
<msg id="14" tool="mc">
  <type>MODULE_LOAD</type>
  <arg>/opt/intel/compilers_and_libraries_2018.3.222/linux/compiler/lib/intel64_lin/libifcoremt.so.5</arg>
  <arg>0x7f4067f11000</arg>
  <arg>0x7f40682a43a7</arg>
  <severity>INFO</severity>
  <timestamp>Wed Sep 12 18:22:13 2018</timestamp>
</msg>
<msg id="15" tool="mc">
  <type>MODULE_LOAD</type>
  <arg>/opt/intel/compilers_and_libraries_2018.3.222/linux/compiler/lib/intel64_lin/libsvml.so</arg>
  <arg>0x7f40665e3000</arg>
  <arg>0x7f4067ef023f</arg>
  <severity>INFO</severity>
  <timestamp>Wed Sep 12 18:22:14 2018</timestamp>
</msg>
<msg id="16" tool="mc">
  <type>MODULE_LOAD</type>
  <arg>/opt/intel/compilers_and_libraries_2018.3.222/linux/compiler/lib/intel64_lin/libintlc.so.5</arg>
  <arg>0x7f4066365000</arg>
  <arg>0x7f40665d2f7f</arg>
  <severity>INFO</severity>
  <timestamp>Wed Sep 12 18:22:14 2018</timestamp>
</msg>
<msg id="17" tool="mc">
  <type>MODULE_LOAD</type>
  <arg>/lib/x86_64-linux-gnu/libc.so.6</arg>
  <arg>0x7f4065f64000</arg>
  <arg>0x7f4066354adf</arg>
  <severity>INFO</severity>
  <timestamp>Wed Sep 12 18:22:14 2018</timestamp>
</msg>
<msg id="18" tool="mc">
  <type>MODULE_LOAD</type>
  <arg>/lib/x86_64-linux-gnu/libgcc_s.so.1</arg>
  <arg>0x7f4065d3c000</arg>
  <arg>0x7f4065f5342f</arg>
  <severity>INFO</severity>
  <timestamp>Wed Sep 12 18:22:14 2018</timestamp>
</msg>
<msg id="19" tool="mc">
  <type>INTERNAL</type>
  <severity>ERROR</severity>
  <timestamp>Wed Sep 12 18:22:14 2018</timestamp>
</msg>
<msg id="20" tool="runtool">
  <type>app-exit-code</type>
  <arg>139</arg>
</msg>
<msg id="21" tool="runtool">
  <type>marker-file</type>
  <arg>/home/rnwatanabe/Documents/projectFR/Examples/PosturalControl/r005mi2/r005mi2.inspxe</arg>
</msg>
<msg id="22" tool="runtool">
  <type>collector-done</type>
</msg>
<msg id="23" tool="runtool">
  <type>log-end</type>
  <arg>2018/09/12 18:22:18</arg>
</msg>

</log>

