<?xml version="1.0" encoding="utf-8"?>
<log version="1.0" tool="runtool">

<msg id="1" tool="runtool">
  <type>log-start</type>
  <arg>2018/09/12 18:19:30</arg>
</msg>
<msg id="2" tool="runtool">
  <type>load-warning</type>
  <arg>/home/rnwatanabe/Documents/projectFR/Examples/PosturalControl/r004mi2</arg>
  <arg>Run terminated abnormally. Some data may be lost.</arg>
</msg>
<msg id="3" tool="runtool">
  <type>status</type>
  <arg> </arg>
</msg>
<msg id="4" tool="runtool">
  <type>problems-total</type>
  <arg>0</arg>
</msg>
<msg id="5" tool="runtool">
  <type>log-end</type>
  <arg>2018/09/12 18:19:36</arg>
</msg>

</log>

